{"/home/travis/build/npmtest/node-npmtest-lwip/test.js":{"path":"/home/travis/build/npmtest/node-npmtest-lwip/test.js","s":{"1":2,"2":2,"3":2,"4":2,"5":2,"6":2,"7":2,"8":1,"9":2,"10":2,"11":1,"12":1,"13":1,"14":1,"15":2,"16":2,"17":2,"18":2,"19":1,"20":1,"21":2,"22":2,"23":2,"24":1,"25":1,"26":1,"27":1,"28":1,"29":1,"30":1,"31":1,"32":1,"33":1,"34":1,"35":1,"36":1,"37":1,"38":1,"39":2,"40":2,"41":1,"42":2,"43":2,"44":1,"45":2,"46":2,"47":1,"48":2,"49":2,"50":1,"51":1,"52":1,"53":1,"54":1},"b":{"1":[2,1,1,1],"2":[1,1,1,1],"3":[1,1],"4":[1,1],"5":[1,1],"6":[1,1],"7":[1,1],"8":[1,1],"9":[1,1],"10":[1,1,1],"11":[1,1],"12":[1,1],"13":[1,1],"14":[1,1],"15":[1,1],"16":[1,1],"17":[1,1]},"f":{"1":2,"2":2,"3":2,"4":2,"5":2,"6":1,"7":1,"8":1,"9":2,"10":2,"11":2,"12":2,"13":1},"fnMap":{"1":{"name":"(anonymous_1)","line":12,"loc":{"start":{"line":12,"column":1},"end":{"line":12,"column":13}}},"2":{"name":"(anonymous_2)","line":19,"loc":{"start":{"line":19,"column":5},"end":{"line":19,"column":17}}},"3":{"name":"(anonymous_3)","line":23,"loc":{"start":{"line":23,"column":24},"end":{"line":23,"column":36}}},"4":{"name":"(anonymous_4)","line":61,"loc":{"start":{"line":61,"column":5},"end":{"line":61,"column":17}}},"5":{"name":"(anonymous_5)","line":82,"loc":{"start":{"line":82,"column":5},"end":{"line":82,"column":17}}},"6":{"name":"(anonymous_6)","line":91,"loc":{"start":{"line":91,"column":77},"end":{"line":94,"column":10}}},"7":{"name":"(anonymous_7)","line":112,"loc":{"start":{"line":112,"column":83},"end":{"line":115,"column":10}},"skip":true},"8":{"name":"(anonymous_8)","line":123,"loc":{"start":{"line":123,"column":77},"end":{"line":126,"column":10}},"skip":true},"9":{"name":"(anonymous_9)","line":139,"loc":{"start":{"line":139,"column":12},"end":{"line":139,"column":40}},"skip":true},"10":{"name":"(anonymous_10)","line":147,"loc":{"start":{"line":147,"column":77},"end":{"line":150,"column":10}},"skip":true},"11":{"name":"(anonymous_11)","line":158,"loc":{"start":{"line":158,"column":83},"end":{"line":161,"column":10}},"skip":true},"12":{"name":"(anonymous_12)","line":169,"loc":{"start":{"line":169,"column":79},"end":{"line":172,"column":10}},"skip":true},"13":{"name":"(anonymous_13)","line":180,"loc":{"start":{"line":180,"column":75},"end":{"line":183,"column":10}},"skip":true}},"statementMap":{"1":{"start":{"line":12,"column":0},"end":{"line":195,"column":5}},"2":{"start":{"line":14,"column":4},"end":{"line":14,"column":14}},"3":{"start":{"line":19,"column":4},"end":{"line":56,"column":9}},"4":{"start":{"line":21,"column":8},"end":{"line":21,"column":19}},"5":{"start":{"line":23,"column":8},"end":{"line":35,"column":13}},"6":{"start":{"line":24,"column":12},"end":{"line":34,"column":13}},"7":{"start":{"line":25,"column":16},"end":{"line":28,"column":30}},"8":{"start":{"line":30,"column":16},"end":{"line":33,"column":27}},"9":{"start":{"line":37,"column":8},"end":{"line":39,"column":21}},"10":{"start":{"line":40,"column":8},"end":{"line":53,"column":9}},"11":{"start":{"line":43,"column":12},"end":{"line":46,"column":14}},"12":{"start":{"line":47,"column":12},"end":{"line":47,"column":18}},"13":{"start":{"line":50,"column":12},"end":{"line":51,"column":33}},"14":{"start":{"line":52,"column":12},"end":{"line":52,"column":18}},"15":{"start":{"line":55,"column":8},"end":{"line":55,"column":35}},"16":{"start":{"line":61,"column":4},"end":{"line":63,"column":9}},"17":{"start":{"line":62,"column":8},"end":{"line":62,"column":15}},"18":{"start":{"line":64,"column":4},"end":{"line":77,"column":5}},"19":{"start":{"line":70,"column":8},"end":{"line":70,"column":14}},"20":{"start":{"line":76,"column":8},"end":{"line":76,"column":14}},"21":{"start":{"line":82,"column":4},"end":{"line":84,"column":9}},"22":{"start":{"line":83,"column":8},"end":{"line":83,"column":15}},"23":{"start":{"line":85,"column":4},"end":{"line":194,"column":5}},"24":{"start":{"line":91,"column":8},"end":{"line":99,"column":10}},"25":{"start":{"line":98,"column":12},"end":{"line":98,"column":35}},"26":{"start":{"line":102,"column":8},"end":{"line":104,"column":63}},"27":{"start":{"line":105,"column":8},"end":{"line":105,"column":14}},"28":{"start":{"line":112,"column":8},"end":{"line":121,"column":10},"skip":true},"29":{"start":{"line":119,"column":12},"end":{"line":119,"column":55},"skip":true},"30":{"start":{"line":120,"column":12},"end":{"line":120,"column":48},"skip":true},"31":{"start":{"line":123,"column":8},"end":{"line":136,"column":10},"skip":true},"32":{"start":{"line":130,"column":12},"end":{"line":130,"column":76},"skip":true},"33":{"start":{"line":131,"column":12},"end":{"line":131,"column":73},"skip":true},"34":{"start":{"line":132,"column":12},"end":{"line":132,"column":74},"skip":true},"35":{"start":{"line":133,"column":12},"end":{"line":133,"column":79},"skip":true},"36":{"start":{"line":134,"column":12},"end":{"line":134,"column":25},"skip":true},"37":{"start":{"line":135,"column":12},"end":{"line":135,"column":45},"skip":true},"38":{"start":{"line":138,"column":8},"end":{"line":145,"column":14},"skip":true},"39":{"start":{"line":143,"column":16},"end":{"line":143,"column":29},"skip":true},"40":{"start":{"line":144,"column":16},"end":{"line":144,"column":55},"skip":true},"41":{"start":{"line":147,"column":8},"end":{"line":156,"column":10},"skip":true},"42":{"start":{"line":154,"column":12},"end":{"line":154,"column":25},"skip":true},"43":{"start":{"line":155,"column":12},"end":{"line":155,"column":45},"skip":true},"44":{"start":{"line":158,"column":8},"end":{"line":167,"column":10},"skip":true},"45":{"start":{"line":165,"column":12},"end":{"line":165,"column":25},"skip":true},"46":{"start":{"line":166,"column":12},"end":{"line":166,"column":48},"skip":true},"47":{"start":{"line":169,"column":8},"end":{"line":178,"column":10},"skip":true},"48":{"start":{"line":176,"column":12},"end":{"line":176,"column":25},"skip":true},"49":{"start":{"line":177,"column":12},"end":{"line":177,"column":46},"skip":true},"50":{"start":{"line":180,"column":8},"end":{"line":189,"column":10},"skip":true},"51":{"start":{"line":187,"column":12},"end":{"line":187,"column":94},"skip":true},"52":{"start":{"line":188,"column":12},"end":{"line":188,"column":48},"skip":true},"53":{"start":{"line":192,"column":8},"end":{"line":192,"column":35},"skip":true},"54":{"start":{"line":193,"column":8},"end":{"line":193,"column":14},"skip":true}},"branchMap":{"1":{"line":25,"type":"binary-expr","locations":[{"start":{"line":25,"column":23},"end":{"line":25,"column":62}},{"start":{"line":26,"column":20},"end":{"line":26,"column":70}},{"start":{"line":27,"column":20},"end":{"line":27,"column":71}},{"start":{"line":28,"column":20},"end":{"line":28,"column":29}}]},"2":{"line":30,"type":"binary-expr","locations":[{"start":{"line":30,"column":23},"end":{"line":30,"column":37}},{"start":{"line":31,"column":20},"end":{"line":31,"column":61}},{"start":{"line":32,"column":20},"end":{"line":32,"column":70}},{"start":{"line":33,"column":20},"end":{"line":33,"column":26}}]},"3":{"line":37,"type":"cond-expr","locations":[{"start":{"line":38,"column":14},"end":{"line":38,"column":20}},{"start":{"line":39,"column":14},"end":{"line":39,"column":20}}]},"4":{"line":40,"type":"switch","locations":[{"start":{"line":42,"column":8},"end":{"line":47,"column":18}},{"start":{"line":49,"column":8},"end":{"line":52,"column":18}}]},"5":{"line":44,"type":"binary-expr","locations":[{"start":{"line":44,"column":16},"end":{"line":44,"column":44}},{"start":{"line":44,"column":48},"end":{"line":44,"column":66}}]},"6":{"line":50,"type":"binary-expr","locations":[{"start":{"line":50,"column":21},"end":{"line":50,"column":49}},{"start":{"line":50,"column":53},"end":{"line":50,"column":72}}]},"7":{"line":64,"type":"switch","locations":[{"start":{"line":69,"column":4},"end":{"line":70,"column":14}},{"start":{"line":75,"column":4},"end":{"line":76,"column":14}}]},"8":{"line":85,"type":"switch","locations":[{"start":{"line":90,"column":4},"end":{"line":105,"column":14}},{"start":{"line":111,"column":4},"end":{"line":193,"column":14},"skip":true}]},"9":{"line":91,"type":"binary-expr","locations":[{"start":{"line":91,"column":42},"end":{"line":91,"column":73}},{"start":{"line":91,"column":77},"end":{"line":99,"column":9}}]},"10":{"line":102,"type":"binary-expr","locations":[{"start":{"line":102,"column":18},"end":{"line":102,"column":32}},{"start":{"line":103,"column":12},"end":{"line":103,"column":53}},{"start":{"line":104,"column":12},"end":{"line":104,"column":61}}]},"11":{"line":112,"type":"binary-expr","locations":[{"start":{"line":112,"column":45},"end":{"line":112,"column":79},"skip":true},{"start":{"line":112,"column":83},"end":{"line":121,"column":9},"skip":true}]},"12":{"line":123,"type":"binary-expr","locations":[{"start":{"line":123,"column":42},"end":{"line":123,"column":73},"skip":true},{"start":{"line":123,"column":77},"end":{"line":136,"column":9},"skip":true}]},"13":{"line":138,"type":"binary-expr","locations":[{"start":{"line":138,"column":48},"end":{"line":138,"column":85},"skip":true},{"start":{"line":139,"column":12},"end":{"line":145,"column":13},"skip":true}]},"14":{"line":147,"type":"binary-expr","locations":[{"start":{"line":147,"column":42},"end":{"line":147,"column":73},"skip":true},{"start":{"line":147,"column":77},"end":{"line":156,"column":9},"skip":true}]},"15":{"line":158,"type":"binary-expr","locations":[{"start":{"line":158,"column":45},"end":{"line":158,"column":79},"skip":true},{"start":{"line":158,"column":83},"end":{"line":167,"column":9},"skip":true}]},"16":{"line":169,"type":"binary-expr","locations":[{"start":{"line":169,"column":43},"end":{"line":169,"column":75},"skip":true},{"start":{"line":169,"column":79},"end":{"line":178,"column":9},"skip":true}]},"17":{"line":180,"type":"binary-expr","locations":[{"start":{"line":180,"column":41},"end":{"line":180,"column":71},"skip":true},{"start":{"line":180,"column":75},"end":{"line":189,"column":9},"skip":true}]}},"code":["/* istanbul instrument in package npmtest_lwip */","/*jslint","    bitwise: true,","    browser: true,","    maxerr: 8,","    maxlen: 96,","    node: true,","    nomen: true,","    regexp: true,","    stupid: true","*/","(function () {","    'use strict';","    var local;","","","","    // run shared js-env code - pre-init","    (function () {","        // init local","        local = {};","        // init modeJs","        local.modeJs = (function () {","            try {","                return typeof navigator.userAgent === 'string' &&","                    typeof document.querySelector('body') === 'object' &&","                    typeof XMLHttpRequest.prototype.open === 'function' &&","                    'browser';","            } catch (errorCaughtBrowser) {","                return module.exports &&","                    typeof process.versions.node === 'string' &&","                    typeof require('http').createServer === 'function' &&","                    'node';","            }","        }());","        // init global","        local.global = local.modeJs === 'browser'","            ? window","            : global;","        switch (local.modeJs) {","        // re-init local from window.local","        case 'browser':","            local = local.global.utility2.objectSetDefault(","                local.global.utility2_rollup || local.global.local,","                local.global.utility2","            );","            break;","        // re-init local from example.js","        case 'node':","            local = (local.global.utility2_rollup || require('utility2'))","                .requireReadme();","            break;","        }","        // export local","        local.global.local = local;","    }());","","","","    // run shared js-env code - function","    (function () {","        return;","    }());","    switch (local.modeJs) {","","","","    // run browser js-env code - function","    case 'browser':","        break;","","","","    // run node js-env code - function","    case 'node':","        break;","    }","","","","    // run shared js-env code - post-init","    (function () {","        return;","    }());","    switch (local.modeJs) {","","","","    // run browser js-env code - post-init","    case 'browser':","        local.testCase_browser_nullCase = local.testCase_browser_nullCase || function (","            options,","            onError","        ) {","        /*","         * this function will test browsers's null-case handling-behavior-behavior","         */","            onError(null, options);","        };","","        // run tests","        local.nop(local.modeTest &&","            document.querySelector('#testRunButton1') &&","            document.querySelector('#testRunButton1').click());","        break;","","","","    // run node js-env code - post-init","    /* istanbul ignore next */","    case 'node':","        local.testCase_buildApidoc_default = local.testCase_buildApidoc_default || function (","            options,","            onError","        ) {","        /*","         * this function will test buildApidoc's default handling-behavior-behavior","         */","            options = { modulePathList: module.paths };","            local.buildApidoc(options, onError);","        };","","        local.testCase_buildApp_default = local.testCase_buildApp_default || function (","            options,","            onError","        ) {","        /*","         * this function will test buildApp's default handling-behavior-behavior","         */","            local.testCase_buildReadme_default(options, local.onErrorThrow);","            local.testCase_buildLib_default(options, local.onErrorThrow);","            local.testCase_buildTest_default(options, local.onErrorThrow);","            local.testCase_buildCustomOrg_default(options, local.onErrorThrow);","            options = [];","            local.buildApp(options, onError);","        };","","        local.testCase_buildCustomOrg_default = local.testCase_buildCustomOrg_default ||","            function (options, onError) {","            /*","             * this function will test buildCustomOrg's default handling-behavior","             */","                options = {};","                local.buildCustomOrg(options, onError);","            };","","        local.testCase_buildLib_default = local.testCase_buildLib_default || function (","            options,","            onError","        ) {","        /*","         * this function will test buildLib's default handling-behavior","         */","            options = {};","            local.buildLib(options, onError);","        };","","        local.testCase_buildReadme_default = local.testCase_buildReadme_default || function (","            options,","            onError","        ) {","        /*","         * this function will test buildReadme's default handling-behavior-behavior","         */","            options = {};","            local.buildReadme(options, onError);","        };","","        local.testCase_buildTest_default = local.testCase_buildTest_default || function (","            options,","            onError","        ) {","        /*","         * this function will test buildTest's default handling-behavior","         */","            options = {};","            local.buildTest(options, onError);","        };","","        local.testCase_webpage_default = local.testCase_webpage_default || function (","            options,","            onError","        ) {","        /*","         * this function will test webpage's default handling-behavior","         */","            options = { modeCoverageMerge: true, url: local.serverLocalHost + '?modeTest=1' };","            local.browserTest(options, onError);","        };","","        // run test-server","        local.testRunServer(local);","        break;","    }","}());",""],"l":{"12":2,"14":2,"19":2,"21":2,"23":2,"24":2,"25":2,"30":1,"37":2,"40":2,"43":1,"47":1,"50":1,"52":1,"55":2,"61":2,"62":2,"64":2,"70":1,"76":1,"82":2,"83":2,"85":2,"91":1,"98":1,"102":1,"105":1,"112":1,"119":1,"120":1,"123":1,"130":1,"131":1,"132":1,"133":1,"134":1,"135":1,"138":1,"143":2,"144":2,"147":1,"154":2,"155":2,"158":1,"165":2,"166":2,"169":1,"176":2,"177":2,"180":1,"187":1,"188":1,"192":1,"193":1}},"/home/travis/build/npmtest/node-npmtest-lwip/lib.npmtest_lwip.js":{"path":"/home/travis/build/npmtest/node-npmtest-lwip/lib.npmtest_lwip.js","s":{"1":2,"2":2,"3":2,"4":2,"5":2,"6":2,"7":2,"8":1,"9":2,"10":2,"11":2,"12":2,"13":1,"14":1,"15":1,"16":1},"b":{"1":[2,1,1,1],"2":[1,1,1,1],"3":[1,1],"4":[2,2],"5":[1,1]},"f":{"1":2,"2":2,"3":2},"fnMap":{"1":{"name":"(anonymous_1)","line":12,"loc":{"start":{"line":12,"column":1},"end":{"line":12,"column":13}}},"2":{"name":"(anonymous_2)","line":19,"loc":{"start":{"line":19,"column":5},"end":{"line":19,"column":17}}},"3":{"name":"(anonymous_3)","line":23,"loc":{"start":{"line":23,"column":24},"end":{"line":23,"column":36}}}},"statementMap":{"1":{"start":{"line":12,"column":0},"end":{"line":53,"column":5}},"2":{"start":{"line":14,"column":4},"end":{"line":14,"column":14}},"3":{"start":{"line":19,"column":4},"end":{"line":52,"column":9}},"4":{"start":{"line":21,"column":8},"end":{"line":21,"column":19}},"5":{"start":{"line":23,"column":8},"end":{"line":35,"column":13}},"6":{"start":{"line":24,"column":12},"end":{"line":34,"column":13}},"7":{"start":{"line":25,"column":16},"end":{"line":28,"column":30}},"8":{"start":{"line":30,"column":16},"end":{"line":33,"column":27}},"9":{"start":{"line":37,"column":8},"end":{"line":39,"column":21}},"10":{"start":{"line":41,"column":8},"end":{"line":41,"column":54}},"11":{"start":{"line":43,"column":8},"end":{"line":43,"column":49}},"12":{"start":{"line":45,"column":8},"end":{"line":51,"column":9}},"13":{"start":{"line":46,"column":12},"end":{"line":46,"column":55}},"14":{"start":{"line":48,"column":12},"end":{"line":48,"column":35}},"15":{"start":{"line":49,"column":12},"end":{"line":49,"column":49}},"16":{"start":{"line":50,"column":12},"end":{"line":50,"column":43}}},"branchMap":{"1":{"line":25,"type":"binary-expr","locations":[{"start":{"line":25,"column":23},"end":{"line":25,"column":62}},{"start":{"line":26,"column":20},"end":{"line":26,"column":70}},{"start":{"line":27,"column":20},"end":{"line":27,"column":71}},{"start":{"line":28,"column":20},"end":{"line":28,"column":29}}]},"2":{"line":30,"type":"binary-expr","locations":[{"start":{"line":30,"column":23},"end":{"line":30,"column":37}},{"start":{"line":31,"column":20},"end":{"line":31,"column":61}},{"start":{"line":32,"column":20},"end":{"line":32,"column":70}},{"start":{"line":33,"column":20},"end":{"line":33,"column":26}}]},"3":{"line":37,"type":"cond-expr","locations":[{"start":{"line":38,"column":14},"end":{"line":38,"column":20}},{"start":{"line":39,"column":14},"end":{"line":39,"column":20}}]},"4":{"line":41,"type":"binary-expr","locations":[{"start":{"line":41,"column":16},"end":{"line":41,"column":44}},{"start":{"line":41,"column":48},"end":{"line":41,"column":53}}]},"5":{"line":45,"type":"if","locations":[{"start":{"line":45,"column":8},"end":{"line":45,"column":8}},{"start":{"line":45,"column":8},"end":{"line":45,"column":8}}]}},"code":["/* istanbul instrument in package npmtest_lwip */","/*jslint","    bitwise: true,","    browser: true,","    maxerr: 8,","    maxlen: 96,","    node: true,","    nomen: true,","    regexp: true,","    stupid: true","*/","(function () {","    'use strict';","    var local;","","","","    // run shared js-env code - pre-init","    (function () {","        // init local","        local = {};","        // init modeJs","        local.modeJs = (function () {","            try {","                return typeof navigator.userAgent === 'string' &&","                    typeof document.querySelector('body') === 'object' &&","                    typeof XMLHttpRequest.prototype.open === 'function' &&","                    'browser';","            } catch (errorCaughtBrowser) {","                return module.exports &&","                    typeof process.versions.node === 'string' &&","                    typeof require('http').createServer === 'function' &&","                    'node';","            }","        }());","        // init global","        local.global = local.modeJs === 'browser'","            ? window","            : global;","        // init utility2_rollup","        local = local.global.utility2_rollup || local;","        // init lib","        local.local = local.npmtest_lwip = local;","        // init exports","        if (local.modeJs === 'browser') {","            local.global.utility2_npmtest_lwip = local;","        } else {","            module.exports = local;","            module.exports.__dirname = __dirname;","            module.exports.module = module;","        }","    }());","}());",""],"l":{"12":2,"14":2,"19":2,"21":2,"23":2,"24":2,"25":2,"30":1,"37":2,"41":2,"43":2,"45":2,"46":1,"48":1,"49":1,"50":1}},"/home/travis/build/npmtest/node-npmtest-lwip/example.js":{"path":"/home/travis/build/npmtest/node-npmtest-lwip/example.js","s":{"1":2,"2":2,"3":2,"4":2,"5":2,"6":2,"7":2,"8":1,"9":2,"10":2,"11":2,"12":2,"13":1,"14":2,"15":2,"16":2,"17":2,"18":2,"19":0,"20":2,"21":1,"22":1,"23":1,"24":1,"25":1,"26":0,"27":0,"28":1,"29":1,"30":2,"31":0,"32":0,"33":0,"34":1,"35":2,"36":2,"37":3,"38":3,"39":3,"40":3,"41":0,"42":3,"43":3,"44":3,"45":1,"46":3,"47":1,"48":1,"49":1,"50":1,"51":1,"52":1,"53":1,"54":1,"55":1,"56":1,"57":0,"58":1,"59":6,"60":6,"61":1,"62":2,"63":0,"64":2,"65":1,"66":1,"67":0,"68":0,"69":0,"70":0,"71":0,"72":0,"73":0,"74":0,"75":0,"76":0,"77":0,"78":0,"79":0,"80":0,"81":0,"82":0,"83":0},"b":{"1":[2,1,1,1],"2":[1,1,1,1],"3":[1,1],"4":[2,2],"5":[1,1],"6":[1,1],"7":[2,0],"8":[2,1,1,1,1,1],"9":[0,2,0],"10":[1,1],"11":[2,1,1],"12":[1,0],"13":[0,2],"14":[2,0,0,0,0,0,0],"15":[0,3],"16":[3,0],"17":[1,1],"18":[0,1],"19":[1,2,0,2],"20":[1,0],"21":[1,1],"22":[0,0],"23":[0,0],"24":[0,0],"25":[0,0],"26":[0,0],"27":[0,0],"28":[0,0]},"f":{"1":2,"2":2,"3":2,"4":2,"5":2,"6":2,"7":3,"8":3,"9":3,"10":1,"11":6,"12":0},"fnMap":{"1":{"name":"(anonymous_1)","line":26,"loc":{"start":{"line":26,"column":1},"end":{"line":26,"column":13}}},"2":{"name":"(anonymous_2)","line":33,"loc":{"start":{"line":33,"column":5},"end":{"line":33,"column":17}}},"3":{"name":"(anonymous_3)","line":37,"loc":{"start":{"line":37,"column":24},"end":{"line":37,"column":36}}},"4":{"name":"(anonymous_4)","line":69,"loc":{"start":{"line":69,"column":31},"end":{"line":69,"column":48}},"skip":true},"5":{"name":"(anonymous_5)","line":78,"loc":{"start":{"line":78,"column":26},"end":{"line":78,"column":45}},"skip":true},"6":{"name":"(anonymous_6)","line":123,"loc":{"start":{"line":123,"column":33},"end":{"line":123,"column":48}},"skip":true},"7":{"name":"(anonymous_7)","line":125,"loc":{"start":{"line":125,"column":27},"end":{"line":125,"column":39}},"skip":true},"8":{"name":"(anonymous_8)","line":133,"loc":{"start":{"line":133,"column":59},"end":{"line":133,"column":74}},"skip":true},"9":{"name":"(anonymous_9)","line":143,"loc":{"start":{"line":143,"column":45},"end":{"line":143,"column":62}},"skip":true},"10":{"name":"(anonymous_10)","line":144,"loc":{"start":{"line":144,"column":73},"end":{"line":144,"column":92}},"skip":true},"11":{"name":"(anonymous_11)","line":272,"loc":{"start":{"line":272,"column":51},"end":{"line":272,"column":77}},"skip":true},"12":{"name":"(anonymous_12)","line":315,"loc":{"start":{"line":315,"column":32},"end":{"line":315,"column":61}},"skip":true}},"statementMap":{"1":{"start":{"line":26,"column":0},"end":{"line":326,"column":5}},"2":{"start":{"line":28,"column":4},"end":{"line":28,"column":14}},"3":{"start":{"line":33,"column":4},"end":{"line":60,"column":9}},"4":{"start":{"line":35,"column":8},"end":{"line":35,"column":19}},"5":{"start":{"line":37,"column":8},"end":{"line":49,"column":13}},"6":{"start":{"line":38,"column":12},"end":{"line":48,"column":13}},"7":{"start":{"line":39,"column":16},"end":{"line":42,"column":30}},"8":{"start":{"line":44,"column":16},"end":{"line":47,"column":27}},"9":{"start":{"line":51,"column":8},"end":{"line":53,"column":21}},"10":{"start":{"line":55,"column":8},"end":{"line":57,"column":45}},"11":{"start":{"line":59,"column":8},"end":{"line":59,"column":35}},"12":{"start":{"line":61,"column":4},"end":{"line":325,"column":5}},"13":{"start":{"line":69,"column":8},"end":{"line":121,"column":10},"skip":true},"14":{"start":{"line":70,"column":12},"end":{"line":88,"column":13},"skip":true},"15":{"start":{"line":76,"column":16},"end":{"line":87,"column":19},"skip":true},"16":{"start":{"line":79,"column":20},"end":{"line":86,"column":21},"skip":true},"17":{"start":{"line":82,"column":24},"end":{"line":82,"column":43},"skip":true},"18":{"start":{"line":83,"column":24},"end":{"line":83,"column":30},"skip":true},"19":{"start":{"line":85,"column":24},"end":{"line":85,"column":49},"skip":true},"20":{"start":{"line":89,"column":12},"end":{"line":107,"column":13},"skip":true},"21":{"start":{"line":92,"column":16},"end":{"line":102,"column":17},"skip":true},"22":{"start":{"line":93,"column":20},"end":{"line":93,"column":86},"skip":true},"23":{"start":{"line":94,"column":20},"end":{"line":95,"column":45},"skip":true},"24":{"start":{"line":96,"column":20},"end":{"line":96,"column":42},"skip":true},"25":{"start":{"line":97,"column":20},"end":{"line":97,"column":48},"skip":true},"26":{"start":{"line":100,"column":20},"end":{"line":100,"column":85},"skip":true},"27":{"start":{"line":101,"column":20},"end":{"line":101,"column":96},"skip":true},"28":{"start":{"line":103,"column":16},"end":{"line":103,"column":22},"skip":true},"29":{"start":{"line":106,"column":16},"end":{"line":106,"column":22},"skip":true},"30":{"start":{"line":108,"column":12},"end":{"line":120,"column":13},"skip":true},"31":{"start":{"line":114,"column":16},"end":{"line":119,"column":17},"skip":true},"32":{"start":{"line":116,"column":20},"end":{"line":116,"column":78},"skip":true},"33":{"start":{"line":118,"column":20},"end":{"line":118,"column":47},"skip":true},"34":{"start":{"line":123,"column":8},"end":{"line":141,"column":11},"skip":true},"35":{"start":{"line":124,"column":12},"end":{"line":124,"column":54},"skip":true},"36":{"start":{"line":125,"column":12},"end":{"line":140,"column":14},"skip":true},"37":{"start":{"line":126,"column":16},"end":{"line":126,"column":28},"skip":true},"38":{"start":{"line":127,"column":16},"end":{"line":127,"column":69},"skip":true},"39":{"start":{"line":128,"column":16},"end":{"line":128,"column":75},"skip":true},"40":{"start":{"line":129,"column":16},"end":{"line":131,"column":17},"skip":true},"41":{"start":{"line":130,"column":20},"end":{"line":130,"column":27},"skip":true},"42":{"start":{"line":133,"column":16},"end":{"line":137,"column":36},"skip":true},"43":{"start":{"line":134,"column":20},"end":{"line":136,"column":55},"skip":true},"44":{"start":{"line":139,"column":16},"end":{"line":139,"column":57},"skip":true},"45":{"start":{"line":143,"column":8},"end":{"line":147,"column":11},"skip":true},"46":{"start":{"line":144,"column":12},"end":{"line":146,"column":15},"skip":true},"47":{"start":{"line":145,"column":16},"end":{"line":145,"column":70},"skip":true},"48":{"start":{"line":149,"column":8},"end":{"line":149,"column":31},"skip":true},"49":{"start":{"line":150,"column":8},"end":{"line":150,"column":14},"skip":true},"50":{"start":{"line":158,"column":8},"end":{"line":158,"column":31},"skip":true},"51":{"start":{"line":160,"column":8},"end":{"line":160,"column":33},"skip":true},"52":{"start":{"line":161,"column":8},"end":{"line":161,"column":37},"skip":true},"53":{"start":{"line":162,"column":8},"end":{"line":162,"column":35},"skip":true},"54":{"start":{"line":164,"column":8},"end":{"line":164,"column":50},"skip":true},"55":{"start":{"line":166,"column":8},"end":{"line":256,"column":2},"skip":true},"56":{"start":{"line":258,"column":8},"end":{"line":286,"column":9},"skip":true},"57":{"start":{"line":259,"column":12},"end":{"line":269,"column":14},"skip":true},"58":{"start":{"line":271,"column":12},"end":{"line":285,"column":19},"skip":true},"59":{"start":{"line":274,"column":20},"end":{"line":274,"column":35},"skip":true},"60":{"start":{"line":275,"column":20},"end":{"line":284,"column":21},"skip":true},"61":{"start":{"line":277,"column":24},"end":{"line":277,"column":64},"skip":true},"62":{"start":{"line":279,"column":24},"end":{"line":279,"column":40},"skip":true},"63":{"start":{"line":281,"column":24},"end":{"line":281,"column":40},"skip":true},"64":{"start":{"line":283,"column":24},"end":{"line":283,"column":39},"skip":true},"65":{"start":{"line":288,"column":8},"end":{"line":290,"column":9},"skip":true},"66":{"start":{"line":289,"column":12},"end":{"line":289,"column":18},"skip":true},"67":{"start":{"line":291,"column":8},"end":{"line":293,"column":54},"skip":true},"68":{"start":{"line":296,"column":8},"end":{"line":301,"column":37},"skip":true},"69":{"start":{"line":303,"column":8},"end":{"line":303,"column":82},"skip":true},"70":{"start":{"line":306,"column":8},"end":{"line":308,"column":9},"skip":true},"71":{"start":{"line":307,"column":12},"end":{"line":307,"column":82},"skip":true},"72":{"start":{"line":310,"column":8},"end":{"line":312,"column":9},"skip":true},"73":{"start":{"line":311,"column":12},"end":{"line":311,"column":18},"skip":true},"74":{"start":{"line":313,"column":8},"end":{"line":313,"column":54},"skip":true},"75":{"start":{"line":314,"column":8},"end":{"line":314,"column":69},"skip":true},"76":{"start":{"line":315,"column":8},"end":{"line":323,"column":36},"skip":true},"77":{"start":{"line":316,"column":12},"end":{"line":316,"column":61},"skip":true},"78":{"start":{"line":317,"column":12},"end":{"line":320,"column":13},"skip":true},"79":{"start":{"line":318,"column":16},"end":{"line":318,"column":75},"skip":true},"80":{"start":{"line":319,"column":16},"end":{"line":319,"column":23},"skip":true},"81":{"start":{"line":321,"column":12},"end":{"line":321,"column":38},"skip":true},"82":{"start":{"line":322,"column":12},"end":{"line":322,"column":27},"skip":true},"83":{"start":{"line":324,"column":8},"end":{"line":324,"column":14},"skip":true}},"branchMap":{"1":{"line":39,"type":"binary-expr","locations":[{"start":{"line":39,"column":23},"end":{"line":39,"column":62}},{"start":{"line":40,"column":20},"end":{"line":40,"column":70}},{"start":{"line":41,"column":20},"end":{"line":41,"column":71}},{"start":{"line":42,"column":20},"end":{"line":42,"column":29}}]},"2":{"line":44,"type":"binary-expr","locations":[{"start":{"line":44,"column":23},"end":{"line":44,"column":37}},{"start":{"line":45,"column":20},"end":{"line":45,"column":61}},{"start":{"line":46,"column":20},"end":{"line":46,"column":70}},{"start":{"line":47,"column":20},"end":{"line":47,"column":26}}]},"3":{"line":51,"type":"cond-expr","locations":[{"start":{"line":52,"column":14},"end":{"line":52,"column":20}},{"start":{"line":53,"column":14},"end":{"line":53,"column":20}}]},"4":{"line":55,"type":"binary-expr","locations":[{"start":{"line":55,"column":16},"end":{"line":55,"column":44}},{"start":{"line":55,"column":49},"end":{"line":57,"column":43}}]},"5":{"line":55,"type":"cond-expr","locations":[{"start":{"line":56,"column":14},"end":{"line":56,"column":48}},{"start":{"line":57,"column":14},"end":{"line":57,"column":43}}]},"6":{"line":61,"type":"switch","locations":[{"start":{"line":68,"column":4},"end":{"line":150,"column":14},"skip":true},{"start":{"line":156,"column":4},"end":{"line":324,"column":14},"skip":true}]},"7":{"line":70,"type":"if","locations":[{"start":{"line":70,"column":12},"end":{"line":70,"column":12},"skip":true},{"start":{"line":70,"column":12},"end":{"line":70,"column":12},"skip":true}]},"8":{"line":70,"type":"binary-expr","locations":[{"start":{"line":70,"column":16},"end":{"line":70,"column":22},"skip":true},{"start":{"line":70,"column":27},"end":{"line":70,"column":32},"skip":true},{"start":{"line":71,"column":20},"end":{"line":71,"column":39},"skip":true},{"start":{"line":72,"column":20},"end":{"line":72,"column":49},"skip":true},{"start":{"line":73,"column":20},"end":{"line":73,"column":58},"skip":true},{"start":{"line":74,"column":20},"end":{"line":74,"column":69},"skip":true}]},"9":{"line":79,"type":"switch","locations":[{"start":{"line":80,"column":20},"end":{"line":80,"column":33},"skip":true},{"start":{"line":81,"column":20},"end":{"line":83,"column":30},"skip":true},{"start":{"line":84,"column":20},"end":{"line":85,"column":49},"skip":true}]},"10":{"line":89,"type":"switch","locations":[{"start":{"line":90,"column":12},"end":{"line":103,"column":22},"skip":true},{"start":{"line":105,"column":12},"end":{"line":106,"column":22},"skip":true}]},"11":{"line":89,"type":"binary-expr","locations":[{"start":{"line":89,"column":20},"end":{"line":89,"column":25},"skip":true},{"start":{"line":89,"column":29},"end":{"line":89,"column":48},"skip":true},{"start":{"line":89,"column":52},"end":{"line":89,"column":74},"skip":true}]},"12":{"line":92,"type":"if","locations":[{"start":{"line":92,"column":16},"end":{"line":92,"column":16},"skip":true},{"start":{"line":92,"column":16},"end":{"line":92,"column":16},"skip":true}]},"13":{"line":108,"type":"if","locations":[{"start":{"line":108,"column":12},"end":{"line":108,"column":12},"skip":true},{"start":{"line":108,"column":12},"end":{"line":108,"column":12},"skip":true}]},"14":{"line":108,"type":"binary-expr","locations":[{"start":{"line":108,"column":16},"end":{"line":108,"column":61},"skip":true},{"start":{"line":108,"column":66},"end":{"line":108,"column":72},"skip":true},{"start":{"line":108,"column":77},"end":{"line":108,"column":82},"skip":true},{"start":{"line":109,"column":20},"end":{"line":109,"column":39},"skip":true},{"start":{"line":110,"column":20},"end":{"line":110,"column":49},"skip":true},{"start":{"line":111,"column":20},"end":{"line":111,"column":58},"skip":true},{"start":{"line":112,"column":20},"end":{"line":112,"column":68},"skip":true}]},"15":{"line":129,"type":"if","locations":[{"start":{"line":129,"column":16},"end":{"line":129,"column":16},"skip":true},{"start":{"line":129,"column":16},"end":{"line":129,"column":16},"skip":true}]},"16":{"line":134,"type":"cond-expr","locations":[{"start":{"line":135,"column":26},"end":{"line":135,"column":29},"skip":true},{"start":{"line":136,"column":26},"end":{"line":136,"column":54},"skip":true}]},"17":{"line":164,"type":"binary-expr","locations":[{"start":{"line":164,"column":27},"end":{"line":164,"column":43},"skip":true},{"start":{"line":164,"column":47},"end":{"line":164,"column":49},"skip":true}]},"18":{"line":258,"type":"if","locations":[{"start":{"line":258,"column":8},"end":{"line":258,"column":8},"skip":true},{"start":{"line":258,"column":8},"end":{"line":258,"column":8},"skip":true}]},"19":{"line":275,"type":"switch","locations":[{"start":{"line":276,"column":20},"end":{"line":277,"column":64},"skip":true},{"start":{"line":278,"column":20},"end":{"line":279,"column":40},"skip":true},{"start":{"line":280,"column":20},"end":{"line":281,"column":40},"skip":true},{"start":{"line":282,"column":20},"end":{"line":283,"column":39},"skip":true}]},"20":{"line":288,"type":"if","locations":[{"start":{"line":288,"column":8},"end":{"line":288,"column":8},"skip":true},{"start":{"line":288,"column":8},"end":{"line":288,"column":8},"skip":true}]},"21":{"line":288,"type":"binary-expr","locations":[{"start":{"line":288,"column":12},"end":{"line":288,"column":40},"skip":true},{"start":{"line":288,"column":44},"end":{"line":288,"column":67},"skip":true}]},"22":{"line":292,"type":"binary-expr","locations":[{"start":{"line":292,"column":12},"end":{"line":292,"column":50},"skip":true},{"start":{"line":293,"column":12},"end":{"line":293,"column":53},"skip":true}]},"23":{"line":297,"type":"binary-expr","locations":[{"start":{"line":297,"column":12},"end":{"line":297,"column":62},"skip":true},{"start":{"line":298,"column":12},"end":{"line":301,"column":36},"skip":true}]},"24":{"line":303,"type":"binary-expr","locations":[{"start":{"line":303,"column":43},"end":{"line":303,"column":75},"skip":true},{"start":{"line":303,"column":79},"end":{"line":303,"column":81},"skip":true}]},"25":{"line":306,"type":"if","locations":[{"start":{"line":306,"column":8},"end":{"line":306,"column":8},"skip":true},{"start":{"line":306,"column":8},"end":{"line":306,"column":8},"skip":true}]},"26":{"line":310,"type":"if","locations":[{"start":{"line":310,"column":8},"end":{"line":310,"column":8},"skip":true},{"start":{"line":310,"column":8},"end":{"line":310,"column":8},"skip":true}]},"27":{"line":313,"type":"binary-expr","locations":[{"start":{"line":313,"column":27},"end":{"line":313,"column":43},"skip":true},{"start":{"line":313,"column":47},"end":{"line":313,"column":53},"skip":true}]},"28":{"line":317,"type":"if","locations":[{"start":{"line":317,"column":12},"end":{"line":317,"column":12},"skip":true},{"start":{"line":317,"column":12},"end":{"line":317,"column":12},"skip":true}]}},"code":["/*","example.js","","quickstart example","","instruction","    1. save this script as example.js","    2. run the shell command:","        $ npm install npmtest-lwip && PORT=8081 node example.js","    3. play with the browser-demo on http://127.0.0.1:8081","*/","","","","/* istanbul instrument in package npmtest_lwip */","/*jslint","    bitwise: true,","    browser: true,","    maxerr: 8,","    maxlen: 96,","    node: true,","    nomen: true,","    regexp: true,","    stupid: true","*/","(function () {","    'use strict';","    var local;","","","","    // run shared js-env code - pre-init","    (function () {","        // init local","        local = {};","        // init modeJs","        local.modeJs = (function () {","            try {","                return typeof navigator.userAgent === 'string' &&","                    typeof document.querySelector('body') === 'object' &&","                    typeof XMLHttpRequest.prototype.open === 'function' &&","                    'browser';","            } catch (errorCaughtBrowser) {","                return module.exports &&","                    typeof process.versions.node === 'string' &&","                    typeof require('http').createServer === 'function' &&","                    'node';","            }","        }());","        // init global","        local.global = local.modeJs === 'browser'","            ? window","            : global;","        // init utility2_rollup","        local = local.global.utility2_rollup || (local.modeJs === 'browser'","            ? local.global.utility2_npmtest_lwip","            : global.utility2_moduleExports);","        // export local","        local.global.local = local;","    }());","    switch (local.modeJs) {","","","","    // post-init","    // run browser js-env code - post-init","    /* istanbul ignore next */","    case 'browser':","        local.testRunBrowser = function (event) {","            if (!event || (event &&","                    event.currentTarget &&","                    event.currentTarget.className &&","                    event.currentTarget.className.includes &&","                    event.currentTarget.className.includes('onreset'))) {","                // reset output","                Array.from(","                    document.querySelectorAll('body > .resettable')","                ).forEach(function (element) {","                    switch (element.tagName) {","                    case 'INPUT':","                    case 'TEXTAREA':","                        element.value = '';","                        break;","                    default:","                        element.textContent = '';","                    }","                });","            }","            switch (event && event.currentTarget && event.currentTarget.id) {","            case 'testRunButton1':","                // show tests","                if (document.querySelector('#testReportDiv1').style.display === 'none') {","                    document.querySelector('#testReportDiv1').style.display = 'block';","                    document.querySelector('#testRunButton1').textContent =","                        'hide internal test';","                    local.modeTest = true;","                    local.testRunDefault(local);","                // hide tests","                } else {","                    document.querySelector('#testReportDiv1').style.display = 'none';","                    document.querySelector('#testRunButton1').textContent = 'run internal test';","                }","                break;","            // custom-case","            default:","                break;","            }","            if (document.querySelector('#inputTextareaEval1') && (!event || (event &&","                    event.currentTarget &&","                    event.currentTarget.className &&","                    event.currentTarget.className.includes &&","                    event.currentTarget.className.includes('oneval')))) {","                // try to eval input-code","                try {","                    /*jslint evil: true*/","                    eval(document.querySelector('#inputTextareaEval1').value);","                } catch (errorCaught) {","                    console.error(errorCaught);","                }","            }","        };","        // log stderr and stdout to #outputTextareaStdout1","        ['error', 'log'].forEach(function (key) {","            console[key + '_original'] = console[key];","            console[key] = function () {","                var element;","                console[key + '_original'].apply(console, arguments);","                element = document.querySelector('#outputTextareaStdout1');","                if (!element) {","                    return;","                }","                // append text to #outputTextareaStdout1","                element.value += Array.from(arguments).map(function (arg) {","                    return typeof arg === 'string'","                        ? arg","                        : JSON.stringify(arg, null, 4);","                }).join(' ') + '\\n';","                // scroll textarea to bottom","                element.scrollTop = element.scrollHeight;","            };","        });","        // init event-handling","        ['change', 'click', 'keyup'].forEach(function (event) {","            Array.from(document.querySelectorAll('.on' + event)).forEach(function (element) {","                element.addEventListener(event, local.testRunBrowser);","            });","        });","        // run tests","        local.testRunBrowser();","        break;","","","","    // run node js-env code - post-init","    /* istanbul ignore next */","    case 'node':","        // export local","        module.exports = local;","        // require modules","        local.fs = require('fs');","        local.http = require('http');","        local.url = require('url');","        // init assets","        local.assetsDict = local.assetsDict || {};","        /* jslint-ignore-begin */","        local.assetsDict['/assets.index.template.html'] = '\\","<!doctype html>\\n\\","<html lang=\"en\">\\n\\","<head>\\n\\","<meta charset=\"UTF-8\">\\n\\","<meta name=\"viewport\" content=\"width=device-width, initial-scale=1\">\\n\\","<title>{{env.npm_package_name}} (v{{env.npm_package_version}})</title>\\n\\","<style>\\n\\","/*csslint\\n\\","    box-sizing: false,\\n\\","    universal-selector: false\\n\\","*/\\n\\","* {\\n\\","    box-sizing: border-box;\\n\\","}\\n\\","body {\\n\\","    background: #dde;\\n\\","    font-family: Arial, Helvetica, sans-serif;\\n\\","    margin: 2rem;\\n\\","}\\n\\","body > * {\\n\\","    margin-bottom: 1rem;\\n\\","}\\n\\",".utility2FooterDiv {\\n\\","    margin-top: 20px;\\n\\","    text-align: center;\\n\\","}\\n\\","</style>\\n\\","<style>\\n\\","/*csslint\\n\\","*/\\n\\","textarea {\\n\\","    font-family: monospace;\\n\\","    height: 10rem;\\n\\","    width: 100%;\\n\\","}\\n\\","textarea[readonly] {\\n\\","    background: #ddd;\\n\\","}\\n\\","</style>\\n\\","</head>\\n\\","<body>\\n\\","<!-- utility2-comment\\n\\","<div id=\"ajaxProgressDiv1\" style=\"background: #d00; height: 2px; left: 0; margin: 0; padding: 0; position: fixed; top: 0; transition: background 0.5s, width 1.5s; width: 25%;\"></div>\\n\\","utility2-comment -->\\n\\","<h1>\\n\\","<!-- utility2-comment\\n\\","    <a\\n\\","        {{#if env.npm_package_homepage}}\\n\\","        href=\"{{env.npm_package_homepage}}\"\\n\\","        {{/if env.npm_package_homepage}}\\n\\","        target=\"_blank\"\\n\\","    >\\n\\","utility2-comment -->\\n\\","        {{env.npm_package_name}} (v{{env.npm_package_version}})\\n\\","<!-- utility2-comment\\n\\","    </a>\\n\\","utility2-comment -->\\n\\","</h1>\\n\\","<h3>{{env.npm_package_description}}</h3>\\n\\","<!-- utility2-comment\\n\\","<h4><a download href=\"assets.app.js\">download standalone app</a></h4>\\n\\","<button class=\"onclick onreset\" id=\"testRunButton1\">run internal test</button><br>\\n\\","<div id=\"testReportDiv1\" style=\"display: none;\"></div>\\n\\","utility2-comment -->\\n\\","\\n\\","\\n\\","\\n\\","<label>stderr and stdout</label>\\n\\","<textarea class=\"resettable\" id=\"outputTextareaStdout1\" readonly></textarea>\\n\\","<!-- utility2-comment\\n\\","{{#if isRollup}}\\n\\","<script src=\"assets.app.js\"></script>\\n\\","{{#unless isRollup}}\\n\\","utility2-comment -->\\n\\","<script src=\"assets.utility2.rollup.js\"></script>\\n\\","<script src=\"jsonp.utility2._stateInit?callback=window.utility2._stateInit\"></script>\\n\\","<script src=\"assets.npmtest_lwip.rollup.js\"></script>\\n\\","<script src=\"assets.example.js\"></script>\\n\\","<script src=\"assets.test.js\"></script>\\n\\","<!-- utility2-comment\\n\\","{{/if isRollup}}\\n\\","utility2-comment -->\\n\\","<div class=\"utility2FooterDiv\">\\n\\","    [ this app was created with\\n\\","    <a href=\"https://github.com/kaizhu256/node-utility2\" target=\"_blank\">utility2</a>\\n\\","    ]\\n\\","</div>\\n\\","</body>\\n\\","</html>\\n\\","';","        /* jslint-ignore-end */","        if (local.templateRender) {","            local.assetsDict['/'] = local.templateRender(","                local.assetsDict['/assets.index.template.html'],","                {","                    env: local.objectSetDefault(local.env, {","                        npm_package_description: 'the greatest app in the world!',","                        npm_package_name: 'my-app',","                        npm_package_nameAlias: 'my_app',","                        npm_package_version: '0.0.1'","                    })","                }","            );","        } else {","            local.assetsDict['/'] = local.assetsDict['/assets.index.template.html']","                .replace((/\\{\\{env\\.(\\w+?)\\}\\}/g), function (match0, match1) {","                    // jslint-hack","                    String(match0);","                    switch (match1) {","                    case 'npm_package_description':","                        return 'the greatest app in the world!';","                    case 'npm_package_name':","                        return 'my-app';","                    case 'npm_package_nameAlias':","                        return 'my_app';","                    case 'npm_package_version':","                        return '0.0.1';","                    }","                });","        }","        // run the cli","        if (local.global.utility2_rollup || module !== require.main) {","            break;","        }","        local.assetsDict['/assets.example.js'] =","            local.assetsDict['/assets.example.js'] ||","            local.fs.readFileSync(__filename, 'utf8');","        // bug-workaround - long $npm_package_buildCustomOrg","        /* jslint-ignore-begin */","        local.assetsDict['/assets.npmtest_lwip.rollup.js'] =","            local.assetsDict['/assets.npmtest_lwip.rollup.js'] ||","            local.fs.readFileSync(","                local.npmtest_lwip.__dirname + '/lib.npmtest_lwip.js',","                'utf8'","            ).replace((/^#!/), '//');","        /* jslint-ignore-end */","        local.assetsDict['/favicon.ico'] = local.assetsDict['/favicon.ico'] || '';","        // if $npm_config_timeout_exit exists,","        // then exit this process after $npm_config_timeout_exit ms","        if (Number(process.env.npm_config_timeout_exit)) {","            setTimeout(process.exit, Number(process.env.npm_config_timeout_exit));","        }","        // start server","        if (local.global.utility2_serverHttp1) {","            break;","        }","        process.env.PORT = process.env.PORT || '8081';","        console.error('server starting on port ' + process.env.PORT);","        local.http.createServer(function (request, response) {","            request.urlParsed = local.url.parse(request.url);","            if (local.assetsDict[request.urlParsed.pathname] !== undefined) {","                response.end(local.assetsDict[request.urlParsed.pathname]);","                return;","            }","            response.statusCode = 404;","            response.end();","        }).listen(process.env.PORT);","        break;","    }","}());",""],"l":{"26":2,"28":2,"33":2,"35":2,"37":2,"38":2,"39":2,"44":1,"51":2,"55":2,"59":2,"61":2,"69":1,"70":2,"76":2,"79":2,"82":2,"83":2,"85":1,"89":2,"92":1,"93":1,"94":1,"96":1,"97":1,"100":1,"101":1,"103":1,"106":1,"108":2,"114":1,"116":1,"118":1,"123":1,"124":2,"125":2,"126":3,"127":3,"128":3,"129":3,"130":1,"133":3,"134":3,"139":3,"143":1,"144":3,"145":1,"149":1,"150":1,"158":1,"160":1,"161":1,"162":1,"164":1,"166":1,"258":1,"259":1,"271":1,"274":6,"275":6,"277":1,"279":2,"281":1,"283":2,"288":1,"289":1,"291":1,"296":1,"303":1,"306":1,"307":1,"310":1,"311":1,"313":1,"314":1,"315":1,"316":1,"317":1,"318":1,"319":1,"321":1,"322":1,"324":1}},"/home/travis/build/npmtest/node-npmtest-lwip/node_modules/lwip/index.js":{"path":"/home/travis/build/npmtest/node-npmtest-lwip/node_modules/lwip/index.js","s":{"1":2,"2":0,"3":0},"b":{},"f":{},"fnMap":{},"statementMap":{"1":{"start":{"line":1,"column":0},"end":{"line":1,"column":36}},"2":{"start":{"line":2,"column":0},"end":{"line":2,"column":36}},"3":{"start":{"line":4,"column":0},"end":{"line":4,"column":41}}},"branchMap":{},"code":["require('./lib/ImagePrototypeInit');","require('./lib/BatchPrototypeInit');","","module.exports = require('./lib/obtain');",""],"l":{"1":2,"2":0,"4":0}},"/home/travis/build/npmtest/node-npmtest-lwip/node_modules/lwip/lib/ImagePrototypeInit.js":{"path":"/home/travis/build/npmtest/node-npmtest-lwip/node_modules/lwip/lib/ImagePrototypeInit.js","s":{"1":4,"2":4,"3":0,"4":0,"5":0,"6":0,"7":0,"8":0,"9":0,"10":0,"11":0,"12":0,"13":0,"14":0,"15":0,"16":0,"17":0,"18":0,"19":0,"20":0,"21":0,"22":0,"23":0,"24":0,"25":0,"26":0,"27":0,"28":0,"29":0,"30":0,"31":0,"32":0,"33":0,"34":0,"35":0,"36":0,"37":0,"38":0,"39":0,"40":0,"41":0,"42":0,"43":0,"44":0,"45":0,"46":0,"47":0,"48":0,"49":0,"50":0,"51":0,"52":0,"53":0,"54":0,"55":0,"56":0,"57":0,"58":0,"59":0,"60":0,"61":0,"62":0,"63":0,"64":0,"65":0,"66":0,"67":0,"68":0,"69":0,"70":0,"71":0,"72":0,"73":0,"74":0,"75":0,"76":0,"77":0,"78":0,"79":0,"80":0,"81":0,"82":0,"83":0,"84":0,"85":0,"86":0,"87":0,"88":0,"89":0,"90":0,"91":0,"92":0,"93":0,"94":0,"95":0,"96":0,"97":0,"98":0,"99":0,"100":0,"101":0,"102":0,"103":0,"104":0,"105":0,"106":0,"107":0,"108":0,"109":0,"110":0,"111":0,"112":0,"113":0,"114":0,"115":0,"116":0,"117":0,"118":0,"119":0,"120":0,"121":0,"122":0,"123":0,"124":0,"125":0,"126":0,"127":0,"128":0,"129":0,"130":0,"131":0,"132":0,"133":0,"134":0,"135":0,"136":0,"137":0,"138":0,"139":0,"140":0,"141":0,"142":0,"143":0,"144":0,"145":0,"146":0,"147":0,"148":0,"149":0,"150":0,"151":0,"152":0,"153":0,"154":0,"155":0,"156":0,"157":0,"158":0,"159":0,"160":0,"161":0,"162":0,"163":0,"164":0,"165":0,"166":0,"167":0,"168":0,"169":0,"170":0,"171":0,"172":0,"173":0,"174":0,"175":0,"176":0,"177":0,"178":0,"179":0,"180":0,"181":0,"182":0,"183":0,"184":0,"185":0,"186":0,"187":0,"188":0,"189":0,"190":0,"191":0,"192":0,"193":0,"194":0,"195":0,"196":0,"197":0,"198":0,"199":0,"200":0,"201":0,"202":0,"203":0,"204":0,"205":0,"206":0,"207":0,"208":0,"209":0,"210":0,"211":0,"212":0,"213":0,"214":0,"215":0,"216":0,"217":0,"218":0,"219":0,"220":0,"221":0,"222":0,"223":0,"224":0,"225":0,"226":0,"227":0,"228":0,"229":0,"230":0,"231":0,"232":0,"233":0,"234":0,"235":0,"236":0,"237":0,"238":0,"239":0,"240":0,"241":0,"242":0,"243":0,"244":0,"245":0,"246":0,"247":0,"248":0,"249":0,"250":0,"251":0,"252":0,"253":0,"254":0,"255":0,"256":0,"257":0,"258":0,"259":0,"260":0,"261":0,"262":0,"263":0,"264":0,"265":0,"266":0,"267":0,"268":0,"269":0,"270":0,"271":0,"272":0,"273":0,"274":0,"275":1,"276":0,"277":0,"278":0,"279":0,"280":0,"281":0,"282":0,"283":0,"284":0,"285":0,"286":0,"287":0},"b":{"1":[0,0],"2":[0,0],"3":[0,0],"4":[0,0],"5":[0,0],"6":[0,0],"7":[0,0],"8":[0,0],"9":[0,0],"10":[0,0],"11":[0,0],"12":[0,0],"13":[0,0],"14":[0,0],"15":[0,0],"16":[0,0],"17":[0,0],"18":[0,0],"19":[0,0],"20":[0,0],"21":[0,0],"22":[0,0],"23":[0,0],"24":[0,0],"25":[0,0],"26":[0,0],"27":[0,0],"28":[0,0],"29":[0,0],"30":[0,0],"31":[0,0],"32":[0,0]},"f":{"1":4,"2":0,"3":0,"4":0,"5":0,"6":0,"7":0,"8":0,"9":0,"10":0,"11":0,"12":0,"13":0,"14":0,"15":0,"16":0,"17":0,"18":0,"19":0,"20":0,"21":0,"22":0,"23":0,"24":0,"25":0,"26":0,"27":0,"28":0,"29":0,"30":0,"31":0,"32":0,"33":0,"34":0,"35":0,"36":0,"37":0,"38":0,"39":0,"40":0,"41":0,"42":0,"43":0,"44":0,"45":0,"46":0,"47":0,"48":0,"49":0,"50":0,"51":0,"52":0,"53":0,"54":0,"55":0,"56":0,"57":0,"58":0,"59":0,"60":0,"61":0,"62":0,"63":0,"64":0,"65":0,"66":0,"67":0,"68":0,"69":0,"70":0,"71":0,"72":0,"73":0,"74":0,"75":0,"76":0,"77":0,"78":0,"79":0,"80":0,"81":0,"82":0,"83":0,"84":0,"85":0,"86":0,"87":0,"88":0,"89":0,"90":0,"91":0,"92":0,"93":0,"94":0,"95":0,"96":0,"97":0},"fnMap":{"1":{"name":"(anonymous_1)","line":1,"loc":{"start":{"line":1,"column":1},"end":{"line":1,"column":21}}},"2":{"name":"(anonymous_2)","line":41,"loc":{"start":{"line":41,"column":29},"end":{"line":41,"column":40}}},"3":{"name":"(anonymous_3)","line":46,"loc":{"start":{"line":46,"column":32},"end":{"line":46,"column":43}}},"4":{"name":"(anonymous_4)","line":50,"loc":{"start":{"line":50,"column":34},"end":{"line":50,"column":45}}},"5":{"name":"(anonymous_5)","line":54,"loc":{"start":{"line":54,"column":34},"end":{"line":54,"column":49}}},"6":{"name":"(anonymous_6)","line":63,"loc":{"start":{"line":63,"column":28},"end":{"line":63,"column":39}}},"7":{"name":"(anonymous_7)","line":67,"loc":{"start":{"line":67,"column":29},"end":{"line":67,"column":40}}},"8":{"name":"(anonymous_8)","line":71,"loc":{"start":{"line":71,"column":27},"end":{"line":71,"column":38}}},"9":{"name":"(anonymous_9)","line":78,"loc":{"start":{"line":78,"column":31},"end":{"line":78,"column":42}}},"10":{"name":"(anonymous_10)","line":96,"loc":{"start":{"line":96,"column":28},"end":{"line":96,"column":39}}},"11":{"name":"(anonymous_11)","line":101,"loc":{"start":{"line":101,"column":12},"end":{"line":101,"column":54}}},"12":{"name":"(anonymous_12)","line":105,"loc":{"start":{"line":105,"column":78},"end":{"line":105,"column":92}}},"13":{"name":"(anonymous_13)","line":110,"loc":{"start":{"line":110,"column":12},"end":{"line":110,"column":26}}},"14":{"name":"(anonymous_14)","line":117,"loc":{"start":{"line":117,"column":29},"end":{"line":117,"column":40}}},"15":{"name":"(anonymous_15)","line":122,"loc":{"start":{"line":122,"column":12},"end":{"line":122,"column":53}}},"16":{"name":"(anonymous_16)","line":124,"loc":{"start":{"line":124,"column":80},"end":{"line":124,"column":94}}},"17":{"name":"(anonymous_17)","line":129,"loc":{"start":{"line":129,"column":12},"end":{"line":129,"column":26}}},"18":{"name":"(anonymous_18)","line":136,"loc":{"start":{"line":136,"column":30},"end":{"line":136,"column":41}}},"19":{"name":"(anonymous_19)","line":140,"loc":{"start":{"line":140,"column":12},"end":{"line":140,"column":60}}},"20":{"name":"(anonymous_20)","line":142,"loc":{"start":{"line":142,"column":40},"end":{"line":142,"column":53}}},"21":{"name":"(anonymous_21)","line":159,"loc":{"start":{"line":159,"column":28},"end":{"line":159,"column":39}}},"22":{"name":"(anonymous_22)","line":163,"loc":{"start":{"line":163,"column":12},"end":{"line":163,"column":53}}},"23":{"name":"(anonymous_23)","line":165,"loc":{"start":{"line":165,"column":40},"end":{"line":165,"column":53}}},"24":{"name":"(anonymous_24)","line":173,"loc":{"start":{"line":173,"column":29},"end":{"line":173,"column":40}}},"25":{"name":"(anonymous_25)","line":178,"loc":{"start":{"line":178,"column":12},"end":{"line":178,"column":44}}},"26":{"name":"(anonymous_26)","line":181,"loc":{"start":{"line":181,"column":82},"end":{"line":181,"column":96}}},"27":{"name":"(anonymous_27)","line":186,"loc":{"start":{"line":186,"column":12},"end":{"line":186,"column":26}}},"28":{"name":"(anonymous_28)","line":193,"loc":{"start":{"line":193,"column":27},"end":{"line":193,"column":38}}},"29":{"name":"(anonymous_29)","line":198,"loc":{"start":{"line":198,"column":12},"end":{"line":198,"column":38}}},"30":{"name":"(anonymous_30)","line":199,"loc":{"start":{"line":199,"column":41},"end":{"line":199,"column":55}}},"31":{"name":"(anonymous_31)","line":204,"loc":{"start":{"line":204,"column":12},"end":{"line":204,"column":26}}},"32":{"name":"(anonymous_32)","line":211,"loc":{"start":{"line":211,"column":33},"end":{"line":211,"column":44}}},"33":{"name":"(anonymous_33)","line":216,"loc":{"start":{"line":216,"column":12},"end":{"line":216,"column":47}}},"34":{"name":"(anonymous_34)","line":217,"loc":{"start":{"line":217,"column":56},"end":{"line":217,"column":70}}},"35":{"name":"(anonymous_35)","line":222,"loc":{"start":{"line":222,"column":12},"end":{"line":222,"column":26}}},"36":{"name":"(anonymous_36)","line":229,"loc":{"start":{"line":229,"column":31},"end":{"line":229,"column":42}}},"37":{"name":"(anonymous_37)","line":234,"loc":{"start":{"line":234,"column":12},"end":{"line":234,"column":38}}},"38":{"name":"(anonymous_38)","line":235,"loc":{"start":{"line":235,"column":53},"end":{"line":235,"column":67}}},"39":{"name":"(anonymous_39)","line":240,"loc":{"start":{"line":240,"column":12},"end":{"line":240,"column":26}}},"40":{"name":"(anonymous_40)","line":247,"loc":{"start":{"line":247,"column":30},"end":{"line":247,"column":41}}},"41":{"name":"(anonymous_41)","line":252,"loc":{"start":{"line":252,"column":12},"end":{"line":252,"column":38}}},"42":{"name":"(anonymous_42)","line":253,"loc":{"start":{"line":253,"column":53},"end":{"line":253,"column":67}}},"43":{"name":"(anonymous_43)","line":258,"loc":{"start":{"line":258,"column":12},"end":{"line":258,"column":26}}},"44":{"name":"(anonymous_44)","line":265,"loc":{"start":{"line":265,"column":29},"end":{"line":265,"column":40}}},"45":{"name":"(anonymous_45)","line":270,"loc":{"start":{"line":270,"column":12},"end":{"line":270,"column":38}}},"46":{"name":"(anonymous_46)","line":271,"loc":{"start":{"line":271,"column":53},"end":{"line":271,"column":67}}},"47":{"name":"(anonymous_47)","line":276,"loc":{"start":{"line":276,"column":12},"end":{"line":276,"column":26}}},"48":{"name":"(anonymous_48)","line":283,"loc":{"start":{"line":283,"column":27},"end":{"line":283,"column":38}}},"49":{"name":"(anonymous_49)","line":288,"loc":{"start":{"line":288,"column":12},"end":{"line":288,"column":38}}},"50":{"name":"(anonymous_50)","line":289,"loc":{"start":{"line":289,"column":53},"end":{"line":289,"column":67}}},"51":{"name":"(anonymous_51)","line":295,"loc":{"start":{"line":295,"column":12},"end":{"line":295,"column":26}}},"52":{"name":"(anonymous_52)","line":302,"loc":{"start":{"line":302,"column":30},"end":{"line":302,"column":41}}},"53":{"name":"(anonymous_53)","line":307,"loc":{"start":{"line":307,"column":12},"end":{"line":307,"column":31}}},"54":{"name":"(anonymous_54)","line":308,"loc":{"start":{"line":308,"column":36},"end":{"line":308,"column":50}}},"55":{"name":"(anonymous_55)","line":314,"loc":{"start":{"line":314,"column":12},"end":{"line":314,"column":26}}},"56":{"name":"(anonymous_56)","line":321,"loc":{"start":{"line":321,"column":26},"end":{"line":321,"column":37}}},"57":{"name":"(anonymous_57)","line":326,"loc":{"start":{"line":326,"column":12},"end":{"line":326,"column":38}}},"58":{"name":"(anonymous_58)","line":327,"loc":{"start":{"line":327,"column":53},"end":{"line":327,"column":67}}},"59":{"name":"(anonymous_59)","line":332,"loc":{"start":{"line":332,"column":12},"end":{"line":332,"column":26}}},"60":{"name":"(anonymous_60)","line":339,"loc":{"start":{"line":339,"column":27},"end":{"line":339,"column":38}}},"61":{"name":"(anonymous_61)","line":344,"loc":{"start":{"line":344,"column":12},"end":{"line":344,"column":57}}},"62":{"name":"(anonymous_62)","line":354,"loc":{"start":{"line":354,"column":59},"end":{"line":354,"column":73}}},"63":{"name":"(anonymous_63)","line":359,"loc":{"start":{"line":359,"column":12},"end":{"line":359,"column":26}}},"64":{"name":"(anonymous_64)","line":366,"loc":{"start":{"line":366,"column":29},"end":{"line":366,"column":40}}},"65":{"name":"(anonymous_65)","line":371,"loc":{"start":{"line":371,"column":12},"end":{"line":371,"column":37}}},"66":{"name":"(anonymous_66)","line":380,"loc":{"start":{"line":380,"column":49},"end":{"line":380,"column":63}}},"67":{"name":"(anonymous_67)","line":385,"loc":{"start":{"line":385,"column":12},"end":{"line":385,"column":26}}},"68":{"name":"(anonymous_68)","line":395,"loc":{"start":{"line":395,"column":26},"end":{"line":395,"column":37}}},"69":{"name":"(anonymous_69)","line":400,"loc":{"start":{"line":400,"column":12},"end":{"line":400,"column":64}}},"70":{"name":"(anonymous_70)","line":403,"loc":{"start":{"line":403,"column":102},"end":{"line":403,"column":116}}},"71":{"name":"(anonymous_71)","line":408,"loc":{"start":{"line":408,"column":12},"end":{"line":408,"column":26}}},"72":{"name":"(anonymous_72)","line":415,"loc":{"start":{"line":415,"column":29},"end":{"line":415,"column":40}}},"73":{"name":"(anonymous_73)","line":420,"loc":{"start":{"line":420,"column":12},"end":{"line":420,"column":45}}},"74":{"name":"(anonymous_74)","line":424,"loc":{"start":{"line":424,"column":104},"end":{"line":424,"column":118}}},"75":{"name":"(anonymous_75)","line":429,"loc":{"start":{"line":429,"column":12},"end":{"line":429,"column":26}}},"76":{"name":"(anonymous_76)","line":436,"loc":{"start":{"line":436,"column":30},"end":{"line":436,"column":41}}},"77":{"name":"(anonymous_77)","line":441,"loc":{"start":{"line":441,"column":12},"end":{"line":441,"column":42}}},"78":{"name":"(anonymous_78)","line":442,"loc":{"start":{"line":442,"column":48},"end":{"line":442,"column":62}}},"79":{"name":"(anonymous_79)","line":447,"loc":{"start":{"line":447,"column":12},"end":{"line":447,"column":26}}},"80":{"name":"(anonymous_80)","line":454,"loc":{"start":{"line":454,"column":28},"end":{"line":454,"column":39}}},"81":{"name":"(anonymous_81)","line":460,"loc":{"start":{"line":460,"column":16},"end":{"line":460,"column":51}}},"82":{"name":"(anonymous_82)","line":469,"loc":{"start":{"line":469,"column":77},"end":{"line":469,"column":91}}},"83":{"name":"(anonymous_83)","line":481,"loc":{"start":{"line":481,"column":31},"end":{"line":481,"column":42}}},"84":{"name":"(anonymous_84)","line":487,"loc":{"start":{"line":487,"column":16},"end":{"line":487,"column":53}}},"85":{"name":"(anonymous_85)","line":492,"loc":{"start":{"line":492,"column":94},"end":{"line":492,"column":108}}},"86":{"name":"(anonymous_86)","line":504,"loc":{"start":{"line":504,"column":28},"end":{"line":504,"column":39}}},"87":{"name":"(anonymous_87)","line":510,"loc":{"start":{"line":510,"column":12},"end":{"line":510,"column":31}}},"88":{"name":"(anonymous_88)","line":519,"loc":{"start":{"line":519,"column":29},"end":{"line":519,"column":40}}},"89":{"name":"(anonymous_89)","line":526,"loc":{"start":{"line":526,"column":30},"end":{"line":526,"column":41}}},"90":{"name":"(anonymous_90)","line":532,"loc":{"start":{"line":532,"column":12},"end":{"line":532,"column":57}}},"91":{"name":"(anonymous_91)","line":542,"loc":{"start":{"line":542,"column":60},"end":{"line":542,"column":74}}},"92":{"name":"(anonymous_92)","line":549,"loc":{"start":{"line":549,"column":31},"end":{"line":549,"column":42}}},"93":{"name":"(anonymous_93)","line":555,"loc":{"start":{"line":555,"column":16},"end":{"line":555,"column":49}}},"94":{"name":"encoderCb","line":592,"loc":{"start":{"line":592,"column":20},"end":{"line":592,"column":52}}},"95":{"name":"(anonymous_95)","line":604,"loc":{"start":{"line":604,"column":32},"end":{"line":604,"column":43}}},"96":{"name":"(anonymous_96)","line":608,"loc":{"start":{"line":608,"column":12},"end":{"line":608,"column":54}}},"97":{"name":"(anonymous_97)","line":610,"loc":{"start":{"line":610,"column":44},"end":{"line":610,"column":66}}}},"statementMap":{"1":{"start":{"line":1,"column":0},"end":{"line":620,"column":11}},"2":{"start":{"line":3,"column":4},"end":{"line":11,"column":45}},"3":{"start":{"line":13,"column":4},"end":{"line":39,"column":6}},"4":{"start":{"line":41,"column":4},"end":{"line":44,"column":6}},"5":{"start":{"line":42,"column":8},"end":{"line":43,"column":72}},"6":{"start":{"line":42,"column":28},"end":{"line":42,"column":49}},"7":{"start":{"line":43,"column":13},"end":{"line":43,"column":72}},"8":{"start":{"line":46,"column":4},"end":{"line":48,"column":6}},"9":{"start":{"line":47,"column":8},"end":{"line":47,"column":30}},"10":{"start":{"line":50,"column":4},"end":{"line":52,"column":6}},"11":{"start":{"line":51,"column":8},"end":{"line":51,"column":31}},"12":{"start":{"line":54,"column":4},"end":{"line":61,"column":6}},"13":{"start":{"line":55,"column":8},"end":{"line":57,"column":9}},"14":{"start":{"line":56,"column":12},"end":{"line":56,"column":61}},"15":{"start":{"line":59,"column":8},"end":{"line":59,"column":31}},"16":{"start":{"line":60,"column":8},"end":{"line":60,"column":20}},"17":{"start":{"line":63,"column":4},"end":{"line":65,"column":6}},"18":{"start":{"line":64,"column":8},"end":{"line":64,"column":35}},"19":{"start":{"line":67,"column":4},"end":{"line":69,"column":6}},"20":{"start":{"line":68,"column":8},"end":{"line":68,"column":36}},"21":{"start":{"line":71,"column":4},"end":{"line":76,"column":6}},"22":{"start":{"line":72,"column":8},"end":{"line":75,"column":10}},"23":{"start":{"line":78,"column":4},"end":{"line":94,"column":6}},"24":{"start":{"line":79,"column":8},"end":{"line":81,"column":26}},"25":{"start":{"line":83,"column":8},"end":{"line":84,"column":66}},"26":{"start":{"line":84,"column":12},"end":{"line":84,"column":66}},"27":{"start":{"line":86,"column":8},"end":{"line":86,"column":51}},"28":{"start":{"line":88,"column":8},"end":{"line":93,"column":10}},"29":{"start":{"line":96,"column":4},"end":{"line":115,"column":6}},"30":{"start":{"line":97,"column":8},"end":{"line":97,"column":22}},"31":{"start":{"line":98,"column":8},"end":{"line":98,"column":24}},"32":{"start":{"line":99,"column":8},"end":{"line":114,"column":10}},"33":{"start":{"line":102,"column":16},"end":{"line":102,"column":42}},"34":{"start":{"line":103,"column":16},"end":{"line":104,"column":53}},"35":{"start":{"line":105,"column":16},"end":{"line":108,"column":19}},"36":{"start":{"line":106,"column":20},"end":{"line":106,"column":37}},"37":{"start":{"line":107,"column":20},"end":{"line":107,"column":40}},"38":{"start":{"line":111,"column":16},"end":{"line":111,"column":33}},"39":{"start":{"line":112,"column":16},"end":{"line":112,"column":26}},"40":{"start":{"line":117,"column":4},"end":{"line":134,"column":6}},"41":{"start":{"line":118,"column":8},"end":{"line":118,"column":22}},"42":{"start":{"line":119,"column":8},"end":{"line":119,"column":24}},"43":{"start":{"line":120,"column":8},"end":{"line":133,"column":10}},"44":{"start":{"line":123,"column":16},"end":{"line":123,"column":41}},"45":{"start":{"line":124,"column":16},"end":{"line":127,"column":19}},"46":{"start":{"line":125,"column":20},"end":{"line":125,"column":37}},"47":{"start":{"line":126,"column":20},"end":{"line":126,"column":40}},"48":{"start":{"line":130,"column":16},"end":{"line":130,"column":33}},"49":{"start":{"line":131,"column":16},"end":{"line":131,"column":26}},"50":{"start":{"line":136,"column":4},"end":{"line":157,"column":6}},"51":{"start":{"line":137,"column":8},"end":{"line":137,"column":24}},"52":{"start":{"line":138,"column":8},"end":{"line":156,"column":10}},"53":{"start":{"line":141,"column":16},"end":{"line":141,"column":79}},"54":{"start":{"line":142,"column":16},"end":{"line":154,"column":19}},"55":{"start":{"line":143,"column":20},"end":{"line":143,"column":50}},"56":{"start":{"line":143,"column":29},"end":{"line":143,"column":50}},"57":{"start":{"line":144,"column":20},"end":{"line":145,"column":60}},"58":{"start":{"line":146,"column":20},"end":{"line":153,"column":22}},"59":{"start":{"line":159,"column":4},"end":{"line":171,"column":6}},"60":{"start":{"line":160,"column":8},"end":{"line":160,"column":24}},"61":{"start":{"line":161,"column":8},"end":{"line":170,"column":10}},"62":{"start":{"line":164,"column":16},"end":{"line":164,"column":79}},"63":{"start":{"line":165,"column":16},"end":{"line":168,"column":19}},"64":{"start":{"line":166,"column":20},"end":{"line":166,"column":50}},"65":{"start":{"line":166,"column":29},"end":{"line":166,"column":50}},"66":{"start":{"line":167,"column":20},"end":{"line":167,"column":55}},"67":{"start":{"line":173,"column":4},"end":{"line":191,"column":6}},"68":{"start":{"line":174,"column":8},"end":{"line":174,"column":22}},"69":{"start":{"line":175,"column":8},"end":{"line":175,"column":24}},"70":{"start":{"line":176,"column":8},"end":{"line":190,"column":10}},"71":{"start":{"line":179,"column":16},"end":{"line":179,"column":46}},"72":{"start":{"line":180,"column":16},"end":{"line":180,"column":55}},"73":{"start":{"line":180,"column":35},"end":{"line":180,"column":55}},"74":{"start":{"line":181,"column":16},"end":{"line":184,"column":19}},"75":{"start":{"line":182,"column":20},"end":{"line":182,"column":37}},"76":{"start":{"line":183,"column":20},"end":{"line":183,"column":40}},"77":{"start":{"line":187,"column":16},"end":{"line":187,"column":33}},"78":{"start":{"line":188,"column":16},"end":{"line":188,"column":26}},"79":{"start":{"line":193,"column":4},"end":{"line":209,"column":6}},"80":{"start":{"line":194,"column":8},"end":{"line":194,"column":22}},"81":{"start":{"line":195,"column":8},"end":{"line":195,"column":24}},"82":{"start":{"line":196,"column":8},"end":{"line":208,"column":10}},"83":{"start":{"line":199,"column":16},"end":{"line":202,"column":19}},"84":{"start":{"line":200,"column":20},"end":{"line":200,"column":37}},"85":{"start":{"line":201,"column":20},"end":{"line":201,"column":40}},"86":{"start":{"line":205,"column":16},"end":{"line":205,"column":33}},"87":{"start":{"line":206,"column":16},"end":{"line":206,"column":26}},"88":{"start":{"line":211,"column":4},"end":{"line":227,"column":6}},"89":{"start":{"line":212,"column":8},"end":{"line":212,"column":22}},"90":{"start":{"line":213,"column":8},"end":{"line":213,"column":24}},"91":{"start":{"line":214,"column":8},"end":{"line":226,"column":10}},"92":{"start":{"line":217,"column":16},"end":{"line":220,"column":19}},"93":{"start":{"line":218,"column":20},"end":{"line":218,"column":37}},"94":{"start":{"line":219,"column":20},"end":{"line":219,"column":40}},"95":{"start":{"line":223,"column":16},"end":{"line":223,"column":33}},"96":{"start":{"line":224,"column":16},"end":{"line":224,"column":26}},"97":{"start":{"line":229,"column":4},"end":{"line":245,"column":6}},"98":{"start":{"line":230,"column":8},"end":{"line":230,"column":22}},"99":{"start":{"line":231,"column":8},"end":{"line":231,"column":24}},"100":{"start":{"line":232,"column":8},"end":{"line":244,"column":10}},"101":{"start":{"line":235,"column":16},"end":{"line":238,"column":19}},"102":{"start":{"line":236,"column":20},"end":{"line":236,"column":37}},"103":{"start":{"line":237,"column":20},"end":{"line":237,"column":40}},"104":{"start":{"line":241,"column":16},"end":{"line":241,"column":33}},"105":{"start":{"line":242,"column":16},"end":{"line":242,"column":26}},"106":{"start":{"line":247,"column":4},"end":{"line":263,"column":6}},"107":{"start":{"line":248,"column":8},"end":{"line":248,"column":22}},"108":{"start":{"line":249,"column":8},"end":{"line":249,"column":24}},"109":{"start":{"line":250,"column":8},"end":{"line":262,"column":10}},"110":{"start":{"line":253,"column":16},"end":{"line":256,"column":19}},"111":{"start":{"line":254,"column":20},"end":{"line":254,"column":37}},"112":{"start":{"line":255,"column":20},"end":{"line":255,"column":40}},"113":{"start":{"line":259,"column":16},"end":{"line":259,"column":33}},"114":{"start":{"line":260,"column":16},"end":{"line":260,"column":26}},"115":{"start":{"line":265,"column":4},"end":{"line":281,"column":6}},"116":{"start":{"line":266,"column":8},"end":{"line":266,"column":22}},"117":{"start":{"line":267,"column":8},"end":{"line":267,"column":24}},"118":{"start":{"line":268,"column":8},"end":{"line":280,"column":10}},"119":{"start":{"line":271,"column":16},"end":{"line":274,"column":19}},"120":{"start":{"line":272,"column":20},"end":{"line":272,"column":37}},"121":{"start":{"line":273,"column":20},"end":{"line":273,"column":40}},"122":{"start":{"line":277,"column":16},"end":{"line":277,"column":33}},"123":{"start":{"line":278,"column":16},"end":{"line":278,"column":26}},"124":{"start":{"line":283,"column":4},"end":{"line":300,"column":6}},"125":{"start":{"line":284,"column":8},"end":{"line":284,"column":22}},"126":{"start":{"line":285,"column":8},"end":{"line":285,"column":24}},"127":{"start":{"line":286,"column":8},"end":{"line":299,"column":10}},"128":{"start":{"line":289,"column":16},"end":{"line":293,"column":19}},"129":{"start":{"line":290,"column":20},"end":{"line":290,"column":56}},"130":{"start":{"line":290,"column":36},"end":{"line":290,"column":56}},"131":{"start":{"line":291,"column":20},"end":{"line":291,"column":37}},"132":{"start":{"line":292,"column":20},"end":{"line":292,"column":40}},"133":{"start":{"line":296,"column":16},"end":{"line":296,"column":33}},"134":{"start":{"line":297,"column":16},"end":{"line":297,"column":26}},"135":{"start":{"line":302,"column":4},"end":{"line":319,"column":6}},"136":{"start":{"line":303,"column":8},"end":{"line":303,"column":22}},"137":{"start":{"line":304,"column":8},"end":{"line":304,"column":24}},"138":{"start":{"line":305,"column":8},"end":{"line":318,"column":10}},"139":{"start":{"line":308,"column":16},"end":{"line":312,"column":19}},"140":{"start":{"line":309,"column":20},"end":{"line":309,"column":41}},"141":{"start":{"line":310,"column":20},"end":{"line":310,"column":37}},"142":{"start":{"line":311,"column":20},"end":{"line":311,"column":40}},"143":{"start":{"line":315,"column":16},"end":{"line":315,"column":33}},"144":{"start":{"line":316,"column":16},"end":{"line":316,"column":26}},"145":{"start":{"line":321,"column":4},"end":{"line":337,"column":6}},"146":{"start":{"line":322,"column":8},"end":{"line":322,"column":22}},"147":{"start":{"line":323,"column":8},"end":{"line":323,"column":24}},"148":{"start":{"line":324,"column":8},"end":{"line":336,"column":10}},"149":{"start":{"line":327,"column":16},"end":{"line":330,"column":19}},"150":{"start":{"line":328,"column":20},"end":{"line":328,"column":37}},"151":{"start":{"line":329,"column":20},"end":{"line":329,"column":40}},"152":{"start":{"line":333,"column":16},"end":{"line":333,"column":33}},"153":{"start":{"line":334,"column":16},"end":{"line":334,"column":26}},"154":{"start":{"line":339,"column":4},"end":{"line":364,"column":6}},"155":{"start":{"line":340,"column":8},"end":{"line":340,"column":22}},"156":{"start":{"line":341,"column":8},"end":{"line":341,"column":24}},"157":{"start":{"line":342,"column":8},"end":{"line":363,"column":10}},"158":{"start":{"line":345,"column":16},"end":{"line":353,"column":17}},"159":{"start":{"line":346,"column":20},"end":{"line":348,"column":37}},"160":{"start":{"line":349,"column":20},"end":{"line":349,"column":56}},"161":{"start":{"line":350,"column":20},"end":{"line":350,"column":57}},"162":{"start":{"line":351,"column":20},"end":{"line":351,"column":45}},"163":{"start":{"line":352,"column":20},"end":{"line":352,"column":46}},"164":{"start":{"line":354,"column":16},"end":{"line":357,"column":19}},"165":{"start":{"line":355,"column":20},"end":{"line":355,"column":37}},"166":{"start":{"line":356,"column":20},"end":{"line":356,"column":40}},"167":{"start":{"line":360,"column":16},"end":{"line":360,"column":33}},"168":{"start":{"line":361,"column":16},"end":{"line":361,"column":26}},"169":{"start":{"line":366,"column":4},"end":{"line":390,"column":6}},"170":{"start":{"line":367,"column":8},"end":{"line":367,"column":22}},"171":{"start":{"line":368,"column":8},"end":{"line":368,"column":24}},"172":{"start":{"line":369,"column":8},"end":{"line":389,"column":10}},"173":{"start":{"line":372,"column":16},"end":{"line":373,"column":34}},"174":{"start":{"line":374,"column":16},"end":{"line":374,"column":47}},"175":{"start":{"line":374,"column":34},"end":{"line":374,"column":47}},"176":{"start":{"line":375,"column":16},"end":{"line":375,"column":47}},"177":{"start":{"line":375,"column":34},"end":{"line":375,"column":47}},"178":{"start":{"line":376,"column":16},"end":{"line":379,"column":17}},"179":{"start":{"line":377,"column":20},"end":{"line":377,"column":33}},"180":{"start":{"line":378,"column":20},"end":{"line":378,"column":33}},"181":{"start":{"line":380,"column":16},"end":{"line":383,"column":19}},"182":{"start":{"line":381,"column":20},"end":{"line":381,"column":37}},"183":{"start":{"line":382,"column":20},"end":{"line":382,"column":40}},"184":{"start":{"line":386,"column":16},"end":{"line":386,"column":33}},"185":{"start":{"line":387,"column":16},"end":{"line":387,"column":26}},"186":{"start":{"line":393,"column":4},"end":{"line":393,"column":50}},"187":{"start":{"line":395,"column":4},"end":{"line":413,"column":6}},"188":{"start":{"line":396,"column":8},"end":{"line":396,"column":22}},"189":{"start":{"line":397,"column":8},"end":{"line":397,"column":24}},"190":{"start":{"line":398,"column":8},"end":{"line":412,"column":10}},"191":{"start":{"line":401,"column":16},"end":{"line":401,"column":46}},"192":{"start":{"line":402,"column":16},"end":{"line":402,"column":55}},"193":{"start":{"line":402,"column":35},"end":{"line":402,"column":55}},"194":{"start":{"line":403,"column":16},"end":{"line":406,"column":19}},"195":{"start":{"line":404,"column":20},"end":{"line":404,"column":37}},"196":{"start":{"line":405,"column":20},"end":{"line":405,"column":40}},"197":{"start":{"line":409,"column":16},"end":{"line":409,"column":33}},"198":{"start":{"line":410,"column":16},"end":{"line":410,"column":26}},"199":{"start":{"line":415,"column":4},"end":{"line":434,"column":6}},"200":{"start":{"line":416,"column":8},"end":{"line":416,"column":22}},"201":{"start":{"line":417,"column":8},"end":{"line":417,"column":24}},"202":{"start":{"line":418,"column":8},"end":{"line":433,"column":10}},"203":{"start":{"line":421,"column":16},"end":{"line":421,"column":46}},"204":{"start":{"line":422,"column":16},"end":{"line":422,"column":55}},"205":{"start":{"line":422,"column":35},"end":{"line":422,"column":55}},"206":{"start":{"line":424,"column":16},"end":{"line":427,"column":19}},"207":{"start":{"line":425,"column":20},"end":{"line":425,"column":37}},"208":{"start":{"line":426,"column":20},"end":{"line":426,"column":40}},"209":{"start":{"line":430,"column":16},"end":{"line":430,"column":33}},"210":{"start":{"line":431,"column":16},"end":{"line":431,"column":26}},"211":{"start":{"line":436,"column":4},"end":{"line":452,"column":6}},"212":{"start":{"line":437,"column":8},"end":{"line":437,"column":22}},"213":{"start":{"line":438,"column":8},"end":{"line":438,"c
[...]
olumn":24},"end":{"line":127,"column":38}},"87":{"start":{"line":127,"column":39},"end":{"line":127,"column":45}},"88":{"start":{"line":128,"column":17},"end":{"line":132,"column":13}},"89":{"start":{"line":129,"column":16},"end":{"line":129,"column":30}},"90":{"start":{"line":130,"column":16},"end":{"line":130,"column":22}},"91":{"start":{"line":131,"column":16},"end":{"line":131,"column":43}},"92":{"start":{"line":131,"column":29},"end":{"line":131,"column":43}},"93":{"start":{"line":134,"column":8},"end":{"line":134,"column":19}},"94":{"start":{"line":137,"column":4},"end":{"line":163,"column":5}},"95":{"start":{"line":138,"column":8},"end":{"line":138,"column":45}},"96":{"start":{"line":139,"column":8},"end":{"line":140,"column":75}},"97":{"start":{"line":140,"column":12},"end":{"line":140,"column":75}},"98":{"start":{"line":141,"column":8},"end":{"line":141,"column":43}},"99":{"start":{"line":142,"column":8},"end":{"line":161,"column":9}},"100":{"start":{"line":144,"column":16},"end":{"line":144,"column":47}},"101":{"start":{"line":145,"column":16},"end":{"line":145,"column":53}},"102":{"start":{"line":146,"column":16},"end":{"line":146,"column":57}},"103":{"start":{"line":147,"column":16},"end":{"line":147,"column":44}},"104":{"start":{"line":148,"column":16},"end":{"line":148,"column":22}},"105":{"start":{"line":150,"column":16},"end":{"line":150,"column":47}},"106":{"start":{"line":151,"column":16},"end":{"line":151,"column":53}},"107":{"start":{"line":152,"column":16},"end":{"line":152,"column":57}},"108":{"start":{"line":153,"column":16},"end":{"line":153,"column":54}},"109":{"start":{"line":154,"column":16},"end":{"line":154,"column":22}},"110":{"start":{"line":156,"column":16},"end":{"line":156,"column":47}},"111":{"start":{"line":157,"column":16},"end":{"line":157,"column":63}},"112":{"start":{"line":158,"column":16},"end":{"line":158,"column":58}},"113":{"start":{"line":159,"column":16},"end":{"line":159,"column":44}},"114":{"start":{"line":160,"column":16},"end":{"line":160,"column":22}},"115":{"start":{"line":162,"column":8},"end":{"line":162,"column":20}},"116":{"start":{"line":165,"column":4},"end":{"line":173,"column":6}}},"branchMap":{"1":{"line":30,"type":"if","locations":[{"start":{"line":30,"column":8},"end":{"line":30,"column":8}},{"start":{"line":30,"column":8},"end":{"line":30,"column":8}}]},"2":{"line":31,"type":"if","locations":[{"start":{"line":31,"column":12},"end":{"line":31,"column":12}},{"start":{"line":31,"column":12},"end":{"line":31,"column":12}}]},"3":{"line":33,"type":"if","locations":[{"start":{"line":33,"column":12},"end":{"line":33,"column":12}},{"start":{"line":33,"column":12},"end":{"line":33,"column":12}}]},"4":{"line":42,"type":"if","locations":[{"start":{"line":42,"column":12},"end":{"line":42,"column":12}},{"start":{"line":42,"column":12},"end":{"line":42,"column":12}}]},"5":{"line":42,"type":"binary-expr","locations":[{"start":{"line":42,"column":29},"end":{"line":42,"column":30}},{"start":{"line":42,"column":34},"end":{"line":42,"column":63}}]},"6":{"line":43,"type":"if","locations":[{"start":{"line":43,"column":12},"end":{"line":43,"column":12}},{"start":{"line":43,"column":12},"end":{"line":43,"column":12}}]},"7":{"line":43,"type":"binary-expr","locations":[{"start":{"line":43,"column":16},"end":{"line":43,"column":44}},{"start":{"line":43,"column":48},"end":{"line":43,"column":59}},{"start":{"line":43,"column":63},"end":{"line":43,"column":76}},{"start":{"line":44,"column":16},"end":{"line":44,"column":44}},{"start":{"line":44,"column":48},"end":{"line":44,"column":59}},{"start":{"line":44,"column":63},"end":{"line":44,"column":76}},{"start":{"line":45,"column":16},"end":{"line":45,"column":44}},{"start":{"line":45,"column":48},"end":{"line":45,"column":59}},{"start":{"line":45,"column":63},"end":{"line":45,"column":76}},{"start":{"line":46,"column":16},"end":{"line":46,"column":32}},{"start":{"line":46,"column":36},"end":{"line":46,"column":41}},{"start":{"line":46,"column":45},"end":{"line":46,"column":52}}]},"8":{"line":53,"type":"if","locations":[{"start":{"line":53,"column":8},"end":{"line":53,"column":8}},{"start":{"line":53,"column":8},"end":{"line":53,"column":8}}]},"9":{"line":53,"type":"binary-expr","locations":[{"start":{"line":53,"column":12},"end":{"line":53,"column":41}},{"start":{"line":53,"column":45},"end":{"line":53,"column":57}},{"start":{"line":54,"column":12},"end":{"line":54,"column":43}},{"start":{"line":54,"column":47},"end":{"line":54,"column":60}}]},"10":{"line":60,"type":"if","locations":[{"start":{"line":60,"column":8},"end":{"line":60,"column":8}},{"start":{"line":60,"column":8},"end":{"line":60,"column":8}}]},"11":{"line":62,"type":"if","locations":[{"start":{"line":62,"column":15},"end":{"line":62,"column":15}},{"start":{"line":62,"column":15},"end":{"line":62,"column":15}}]},"12":{"line":70,"type":"if","locations":[{"start":{"line":70,"column":8},"end":{"line":70,"column":8}},{"start":{"line":70,"column":8},"end":{"line":70,"column":8}}]},"13":{"line":70,"type":"binary-expr","locations":[{"start":{"line":70,"column":37},"end":{"line":70,"column":44}},{"start":{"line":70,"column":48},"end":{"line":70,"column":77}}]},"14":{"line":75,"type":"binary-expr","locations":[{"start":{"line":75,"column":29},"end":{"line":75,"column":47}},{"start":{"line":75,"column":51},"end":{"line":75,"column":84}}]},"15":{"line":76,"type":"if","locations":[{"start":{"line":76,"column":8},"end":{"line":76,"column":8}},{"start":{"line":76,"column":8},"end":{"line":76,"column":8}}]},"16":{"line":77,"type":"if","locations":[{"start":{"line":77,"column":13},"end":{"line":77,"column":13}},{"start":{"line":77,"column":13},"end":{"line":77,"column":13}}]},"17":{"line":78,"type":"if","locations":[{"start":{"line":78,"column":13},"end":{"line":78,"column":13}},{"start":{"line":78,"column":13},"end":{"line":78,"column":13}}]},"18":{"line":79,"type":"if","locations":[{"start":{"line":79,"column":13},"end":{"line":79,"column":13}},{"start":{"line":79,"column":13},"end":{"line":79,"column":13}}]},"19":{"line":81,"type":"binary-expr","locations":[{"start":{"line":81,"column":28},"end":{"line":81,"column":45}},{"start":{"line":81,"column":49},"end":{"line":81,"column":81}}]},"20":{"line":82,"type":"if","locations":[{"start":{"line":82,"column":8},"end":{"line":82,"column":8}},{"start":{"line":82,"column":8},"end":{"line":82,"column":8}}]},"21":{"line":84,"type":"if","locations":[{"start":{"line":84,"column":8},"end":{"line":84,"column":8}},{"start":{"line":84,"column":8},"end":{"line":84,"column":8}}]},"22":{"line":85,"type":"binary-expr","locations":[{"start":{"line":85,"column":34},"end":{"line":85,"column":53}},{"start":{"line":85,"column":57},"end":{"line":85,"column":90}}]},"23":{"line":86,"type":"if","locations":[{"start":{"line":86,"column":8},"end":{"line":86,"column":8}},{"start":{"line":86,"column":8},"end":{"line":86,"column":8}}]},"24":{"line":87,"type":"if","locations":[{"start":{"line":87,"column":12},"end":{"line":87,"column":12}},{"start":{"line":87,"column":12},"end":{"line":87,"column":12}}]},"25":{"line":87,"type":"binary-expr","locations":[{"start":{"line":87,"column":16},"end":{"line":87,"column":55}},{"start":{"line":88,"column":16},"end":{"line":88,"column":60}}]},"26":{"line":94,"type":"binary-expr","locations":[{"start":{"line":94,"column":24},"end":{"line":94,"column":37}},{"start":{"line":94,"column":41},"end":{"line":94,"column":69}}]},"27":{"line":95,"type":"if","locations":[{"start":{"line":95,"column":8},"end":{"line":95,"column":8}},{"start":{"line":95,"column":8},"end":{"line":95,"column":8}}]},"28":{"line":95,"type":"binary-expr","locations":[{"start":{"line":95,"column":12},"end":{"line":95,"column":52}},{"start":{"line":95,"column":56},"end":{"line":95,"column":73}},{"start":{"line":95,"column":77},"end":{"line":95,"column":96}}]},"29":{"line":97,"type":"binary-expr","locations":[{"start":{"line":97,"column":28},"end":{"line":97,"column":45}},{"start":{"line":97,"column":49},"end":{"line":97,"column":81}}]},"30":{"line":98,"type":"if","locations":[{"start":{"line":98,"column":8},"end":{"line":98,"column":8}},{"start":{"line":98,"column":8},"end":{"line":98,"column":8}}]},"31":{"line":100,"type":"if","locations":[{"start":{"line":100,"column":8},"end":{"line":100,"column":8}},{"start":{"line":100,"column":8},"end":{"line":100,"column":8}}]},"32":{"line":101,"type":"binary-expr","locations":[{"start":{"line":101,"column":34},"end":{"line":101,"column":53}},{"start":{"line":101,"column":57},"end":{"line":101,"column":90}}]},"33":{"line":102,"type":"if","locations":[{"start":{"line":102,"column":8},"end":{"line":102,"column":8}},{"start":{"line":102,"column":8},"end":{"line":102,"column":8}}]},"34":{"line":103,"type":"if","locations":[{"start":{"line":103,"column":12},"end":{"line":103,"column":12}},{"start":{"line":103,"column":12},"end":{"line":103,"column":12}}]},"35":{"line":103,"type":"binary-expr","locations":[{"start":{"line":103,"column":16},"end":{"line":103,"column":55}},{"start":{"line":104,"column":16},"end":{"line":104,"column":60}}]},"36":{"line":107,"type":"if","locations":[{"start":{"line":107,"column":8},"end":{"line":107,"column":8}},{"start":{"line":107,"column":8},"end":{"line":107,"column":8}}]},"37":{"line":107,"type":"binary-expr","locations":[{"start":{"line":107,"column":55},"end":{"line":107,"column":71}},{"start":{"line":107,"column":75},"end":{"line":107,"column":106}}]},"38":{"line":108,"type":"if","locations":[{"start":{"line":108,"column":8},"end":{"line":108,"column":8}},{"start":{"line":108,"column":8},"end":{"line":108,"column":8}}]},"39":{"line":108,"type":"binary-expr","locations":[{"start":{"line":108,"column":12},"end":{"line":108,"column":58}},{"start":{"line":108,"column":62},"end":{"line":108,"column":82}},{"start":{"line":108,"column":86},"end":{"line":108,"column":108}}]},"40":{"line":113,"type":"if","locations":[{"start":{"line":113,"column":8},"end":{"line":113,"column":8}},{"start":{"line":113,"column":8},"end":{"line":113,"column":8}}]},"41":{"line":114,"type":"binary-expr","locations":[{"start":{"line":114,"column":29},"end":{"line":114,"column":43}},{"start":{"line":114,"column":47},"end":{"line":114,"column":77}}]},"42":{"line":115,"type":"if","locations":[{"start":{"line":115,"column":8},"end":{"line":115,"column":8}},{"start":{"line":115,"column":8},"end":{"line":115,"column":8}}]},"43":{"line":115,"type":"binary-expr","locations":[{"start":{"line":115,"column":12},"end":{"line":115,"column":54}},{"start":{"line":116,"column":12},"end":{"line":116,"column":30}},{"start":{"line":116,"column":34},"end":{"line":116,"column":54}}]},"44":{"line":126,"type":"if","locations":[{"start":{"line":126,"column":12},"end":{"line":126,"column":12}},{"start":{"line":126,"column":12},"end":{"line":126,"column":12}}]},"45":{"line":127,"type":"if","locations":[{"start":{"line":127,"column":12},"end":{"line":127,"column":12}},{"start":{"line":127,"column":12},"end":{"line":127,"column":12}}]},"46":{"line":128,"type":"if","locations":[{"start":{"line":128,"column":17},"end":{"line":128,"column":17}},{"start":{"line":128,"column":17},"end":{"line":128,"column":17}}]},"47":{"line":131,"type":"if","locations":[{"start":{"line":131,"column":16},"end":{"line":131,"column":16}},{"start":{"line":131,"column":16},"end":{"line":131,"column":16}}]},"48":{"line":139,"type":"if","locations":[{"start":{"line":139,"column":8},"end":{"line":139,"column":8}},{"start":{"line":139,"column":8},"end":{"line":139,"column":8}}]},"49":{"line":139,"type":"binary-expr","locations":[{"start":{"line":139,"column":12},"end":{"line":139,"column":41}},{"start":{"line":139,"column":45},"end":{"line":139,"column":57}},{"start":{"line":139,"column":61},"end":{"line":139,"column":73}}]},"50":{"line":142,"type":"switch","locations":[{"start":{"line":143,"column":12},"end":{"line":148,"column":22}},{"start":{"line":149,"column":12},"end":{"line":154,"column":22}},{"start":{"line":155,"column":12},"end":{"line":160,"column":22}}]}},"code":["(function(undefined) {","","    var defs = require('./defs'),","        decree = require('decree'),","        Image = require('./Image');","","    decree.register('color', validateColor);","    decree.register('interpolation', validateInterpolation);","    decree.register('axes', validateAxes);","    decree.register('image', validateImage);","    decree.register('raw-buffer-properties', validateRawBufferProperties);","","    function undefinedFilter(v) {","        return v !== undefined;","    }","","    function validateInterpolation(inter){","        return defs.interpolations.hasOwnProperty(inter);","    }","","    function validateAxes(axes){","        return ['x', 'y', 'xy', 'yx'].indexOf(axes) !== -1;","    }","","    function validateImage(img){","        return img instanceof Image;","    }","","    function validateColor(color) {","        if (typeof color === 'string') {","            if (!defs.colors[color]) return false;","        } else {","            if (color instanceof Array) {","                color = {","                    r: color[0],","                    g: color[1],","                    b: color[2],","                    a: color[3]","                };","            }","            var a = color.a;","            if (a !== 0) a = a || defs.defaults.DEF_COLOR_ALPHA; // (don't modify the original color object)","            if (color.r != parseInt(color.r) || color.r < 0 || color.r > 255 ||","                color.g != parseInt(color.g) || color.g < 0 || color.g > 255 ||","                color.b != parseInt(color.b) || color.b < 0 || color.b > 255 ||","                a != parseInt(a) || a < 0 || a > 100)","                return false;","        }","        return true;","    }","","    function validateRawBufferProperties(p) {","        if (p.width !== parseInt(p.width) || p.width <= 0 ||","            p.height !== parseInt(p.height) || p.height <= 0)","            return false;","        return true;","    }","","    function normalizeColor(color) {","        if (typeof color === 'string') {","            color = defs.colors[color];","        } else if (color instanceof Array) {","            color = {","                r: color[0],","                g: color[1],","                b: color[2],","                a: color[3]","            };","        }","        if (color.a !== 0) color.a = color.a || defs.defaults.DEF_COLOR_ALPHA;","        return color;","    }","","    function normalizePngParams(params){","        params.compression = params.compression || defs.defaults.PNG_DEF_COMPRESSION;","        if (params.compression === 'none') params.compression = 0;","        else if (params.compression === 'fast') params.compression = 1;","        else if (params.compression === 'high') params.compression = 2;","        else if ([0, 1, 2].indexOf(params.compression) === -1)","            throw Error('Invalid PNG compression');","        params.interlaced = params.interlaced || defs.defaults.PNG_DEF_INTERLACED;","        if (typeof params.interlaced !== 'boolean')","            throw Error('PNG \\'interlaced\\' must be boolean');","        if (params.transparency !== false)","            params.transparency = params.transparency || defs.defaults.PNG_DEF_TRANSPARENT;","        if (typeof params.transparency !== 'boolean'){","            if (typeof params.transparency !== 'string' ||","                params.transparency.toLowerCase() !== 'auto')","                throw Error('PNG \\'transparency\\' must be boolean or \\'auto\\'');","        }","    }","","    function normalizeGifParams(params){","        params.colors = params.colors || defs.defaults.GIF_DEF_COLORS;","        if (params.colors != parseInt(params.colors) || params.colors < 2 || params.colors > 256)","            throw Error('Invalid GIF color table size');","        params.interlaced = params.interlaced || defs.defaults.GIF_DEF_INTERLACED;","        if (typeof params.interlaced !== 'boolean')","            throw Error('GIF \\'interlaced\\' must be boolean');","        if (params.transparency !== false)","            params.transparency = params.transparency || defs.defaults.GIF_DEF_TRANSPARENT;","        if (typeof params.transparency !== 'boolean'){","            if (typeof params.transparency !== 'string' ||","                params.transparency.toLowerCase() !== 'auto')","                throw Error('GIF \\'transparency\\' must be boolean or \\'auto\\'');","        }","        if (params.threshold !== 0) params.threshold = params.threshold || defs.defaults.GIF_DEF_THRESHOLD;","        if (params.threshold != parseInt(params.threshold) || params.threshold < 0 || params.threshold > 100)","            throw Error('Invalid GIF transparency threshold');","    }","","    function normalizeJpegParams(params){","        if (params.quality !== 0)","            params.quality = params.quality || defs.defaults.DEF_JPEG_QUALITY;","        if (params.quality != parseInt(params.quality) ||","            params.quality < 0 || params.quality > 100)","            throw Error('Invalid JPEG quality');","    }","","    function getClosest2Exp(num){","        // num is assumed to be between 2 and 256","        // returned the closes 2 exponent which is **larger** than num","        var e, n, min, r;","        for (e = 1 ; e <= 8; e++){","            n = 1 << e;","            if (num === n) return n;","            if (!min) { min = num - n; r = e; }","            else if (num - n < min){","                min = num - n;","                r = e;","                if (min < 0) return 1 << r;","            }","        }","        return 256;","    }","","    function makeRgbaBuffer(orig, channels){","        var chanLen = orig.length / channels;","        if (chanLen !== parseInt(chanLen) || channels < 1 || channels > 3)","            throw Error(\"Incorrect number of channels in original buffer\");","        var rgba = new Buffer(chanLen * 4);","        switch (channels){","            case 1:","                orig.copy(rgba, 0, 0, chanLen);","                orig.copy(rgba, chanLen, 0, chanLen);","                orig.copy(rgba, 2 * chanLen, 0, chanLen);","                rgba.fill(100, 3 * chanLen);","                break;","            case 2:","                orig.copy(rgba, 0, 0, chanLen);","                orig.copy(rgba, chanLen, 0, chanLen);","                orig.copy(rgba, 2 * chanLen, 0, chanLen);","                orig.copy(rgba, 3 * chanLen, chanLen);","                break;","            case 3:","                orig.copy(rgba, 0, 0, chanLen);","                orig.copy(rgba, chanLen, chanLen, 2 * chanLen);","                orig.copy(rgba, 2 * chanLen, 2 * chanLen);","                rgba.fill(100, 3 * chanLen);","                break;","        }","        return rgba;","    }","","    module.exports = {","        undefinedFilter: undefinedFilter,","        normalizeColor: normalizeColor,","        normalizePngParams: normalizePngParams,","        normalizeGifParams: normalizeGifParams,","        normalizeJpegParams: normalizeJpegParams,","        getClosest2Exp: getClosest2Exp,","        makeRgbaBuffer: makeRgbaBuffer","    };","","})(void 0);",""],"l":{"1":2,"3":2,"7":0,"8":0,"9":0,"10":0,"11":0,"13":1,"14":0,"17":1,"18":0,"21":1,"22":0,"25":1,"26":0,"29":1,"30":0,"31":0,"33":0,"34":0,"41":0,"42":0,"43":0,"47":0,"49":0,"52":1,"53":0,"55":0,"56":0,"59":1,"60":0,"61":0,"62":0,"63":0,"70":0,"71":0,"74":1,"75":0,"76":0,"77":0,"78":0,"79":0,"80":0,"81":0,"82":0,"83":0,"84":0,"85":0,"86":0,"87":0,"89":0,"93":1,"94":0,"95":0,"96":0,"97":0,"98":0,"99":0,"100":0,"101":0,"102":0,"103":0,"105":0,"107":0,"108":0,"109":0,"112":1,"113":0,"114":0,"115":0,"117":0,"120":1,"123":0,"124":0,"125":0,"126":0,"127":0,"128":0,"129":0,"130":0,"131":0,"134":0,"137":1,"138":0,"139":0,"140":0,"141":0,"142":0,"144":0,"145":0,"146":0,"147":0,"148":0,"150":0,"151":0,"152":0,"153":0,"154":0,"156":0,"157":0,"158":0,"159":0,"160":0,"162":0,"165":0}}}